2021-08-13 19:32:03,462 HikariPool-1 - Thread starvation or clock leap detected (housekeeper delta=46m58s133ms).
2021-08-13 20:40:15,005 HikariPool-1 - Thread starvation or clock leap detected (housekeeper delta=1h8m11s543ms).
2021-08-13 20:55:19,559 HikariPool-1 - Retrograde clock change detected (housekeeper delta=28s15ms), soft-evicting connections from pool.
2021-08-13 21:16:49,970 HikariPool-1 - Retrograde clock change detected (housekeeper delta=29s593ms), soft-evicting connections from pool.
2021-08-13 21:40:12,514 HikariPool-1 - Thread starvation or clock leap detected (housekeeper delta=23m22s544ms).
2021-08-13 23:58:48,328 HikariPool-1 - Thread starvation or clock leap detected (housekeeper delta=1h44m35s382ms).
2021-08-14 00:54:32,714 HikariPool-1 - Thread starvation or clock leap detected (housekeeper delta=55m44s381ms).
2021-08-14 02:42:32,706 HikariPool-1 - Thread starvation or clock leap detected (housekeeper delta=1h47m59s391ms).
2021-08-14 03:36:42,062 HikariPool-1 - Thread starvation or clock leap detected (housekeeper delta=54m9s955ms).
2021-08-14 04:09:06,796 HikariPool-1 - Thread starvation or clock leap detected (housekeeper delta=32m24s740ms).
2021-08-14 06:30:54,501 HikariPool-1 - Thread starvation or clock leap detected (housekeeper delta=2h19m46s913ms).
2021-08-14 06:31:54,127 HikariPool-1 - Retrograde clock change detected (housekeeper delta=29s513ms), soft-evicting connections from pool.
2021-08-14 06:36:30,810 HikariPool-1 - Thread starvation or clock leap detected (housekeeper delta=4m36s683ms).
2021-08-14 07:55:23,952 HikariPool-1 - Thread starvation or clock leap detected (housekeeper delta=58m21s769ms).
2021-08-14 08:22:05,556 Closing JPA EntityManagerFactory for persistence unit 'default'
2021-08-14 08:22:05,564 Shutting down ExecutorService 'applicationTaskExecutor'
2021-08-14 08:22:05,565 HikariPool-1 - Shutdown initiated...
2021-08-14 08:22:05,568 HikariPool-1 - Shutdown completed.
2021-08-14 08:35:08,320 Starting BiltysystemApplication on d4756996.federated.fds with PID 936 (/Users/arasool/myrepos/bilty-system-spring/target/classes started by arasool in /Users/arasool/myrepos/bilty-system-spring)
2021-08-14 08:35:08,323 The following profiles are active: base
2021-08-14 08:35:09,486 Bootstrapping Spring Data JPA repositories in DEFERRED mode.
2021-08-14 08:35:09,617 Finished Spring Data repository scanning in 106ms. Found 4 JPA repository interfaces.
2021-08-14 08:35:10,612 Tomcat initialized with port(s): 8082 (http)
2021-08-14 08:35:10,635 Initializing ProtocolHandler ["http-nio-8082"]
2021-08-14 08:35:10,637 Starting service [Tomcat]
2021-08-14 08:35:10,638 Starting Servlet engine: [Apache Tomcat/9.0.35]
2021-08-14 08:35:10,819 Initializing Spring embedded WebApplicationContext
2021-08-14 08:35:10,820 Root WebApplicationContext: initialization completed in 2397 ms
2021-08-14 08:35:11,094 Initializing ExecutorService 'applicationTaskExecutor'
2021-08-14 08:35:11,165 HHH000204: Processing PersistenceUnitInfo [name: default]
2021-08-14 08:35:11,242 spring.jpa.open-in-view is enabled by default. Therefore, database queries may be performed during view rendering. Explicitly configure spring.jpa.open-in-view to disable this warning
2021-08-14 08:35:11,388 HHH000412: Hibernate ORM core version 5.4.15.Final
2021-08-14 08:35:11,644 HCANN000001: Hibernate Commons Annotations {5.1.0.Final}
2021-08-14 08:35:11,831 HHH000400: Using dialect: org.hibernate.dialect.PostgreSQLDialect
2021-08-14 08:35:12,803 HikariPool-1 - Starting...
2021-08-14 08:35:13,025 HikariPool-1 - Start completed.
2021-08-14 08:35:13,248 HHH000490: Using JtaPlatform implementation: [org.hibernate.engine.transaction.jta.platform.internal.NoJtaPlatform]
2021-08-14 08:35:13,259 Initialized JPA EntityManagerFactory for persistence unit 'default'
2021-08-14 08:35:14,078 Starting ProtocolHandler ["http-nio-8082"]
2021-08-14 08:35:14,136 Tomcat started on port(s): 8082 (http) with context path ''
2021-08-14 08:35:14,138 Triggering deferred initialization of Spring Data repositories…
2021-08-14 08:35:14,495 Spring Data repositories initialized!
2021-08-14 08:35:14,513 Started BiltysystemApplication in 7.054 seconds (JVM running for 7.817)
2021-08-14 08:37:16,877 Closing JPA EntityManagerFactory for persistence unit 'default'
2021-08-14 08:37:16,879 Shutting down ExecutorService 'applicationTaskExecutor'
2021-08-14 08:37:16,880 HikariPool-1 - Shutdown initiated...
2021-08-14 08:37:16,887 HikariPool-1 - Shutdown completed.
2021-08-14 09:07:37,672 Starting BiltysystemApplicationTests on d4756996.federated.fds with PID 7523 (started by arasool in /Users/arasool/myrepos/bilty-system-spring)
2021-08-14 09:07:37,676 The following profiles are active: base
2021-08-14 09:07:38,342 Bootstrapping Spring Data JPA repositories in DEFERRED mode.
2021-08-14 09:07:38,423 Finished Spring Data repository scanning in 73ms. Found 4 JPA repository interfaces.
2021-08-14 09:07:39,120 Initializing ExecutorService 'applicationTaskExecutor'
2021-08-14 09:07:39,202 HHH000204: Processing PersistenceUnitInfo [name: default]
2021-08-14 09:07:39,273 HHH000412: Hibernate ORM core version 5.4.15.Final
2021-08-14 09:07:39,539 HCANN000001: Hibernate Commons Annotations {5.1.0.Final}
2021-08-14 09:07:39,568 spring.jpa.open-in-view is enabled by default. Therefore, database queries may be performed during view rendering. Explicitly configure spring.jpa.open-in-view to disable this warning
2021-08-14 09:07:39,695 HHH000400: Using dialect: org.hibernate.dialect.PostgreSQLDialect
2021-08-14 09:07:40,265 HikariPool-1 - Starting...
2021-08-14 09:07:40,409 HikariPool-1 - Start completed.
2021-08-14 09:07:40,520 HHH000490: Using JtaPlatform implementation: [org.hibernate.engine.transaction.jta.platform.internal.NoJtaPlatform]
2021-08-14 09:07:40,528 Initialized JPA EntityManagerFactory for persistence unit 'default'
2021-08-14 09:07:41,404 Triggering deferred initialization of Spring Data repositories?
2021-08-14 09:07:41,613 Spring Data repositories initialized!
2021-08-14 09:07:41,623 Started BiltysystemApplicationTests in 4.419 seconds (JVM running for 5.482)
2021-08-14 09:07:41,768 Closing JPA EntityManagerFactory for persistence unit 'default'
2021-08-14 09:07:41,770 Shutting down ExecutorService 'applicationTaskExecutor'
2021-08-14 09:07:41,770 HikariPool-1 - Shutdown initiated...
2021-08-14 09:07:41,781 HikariPool-1 - Shutdown completed.
2021-08-14 09:33:29,431 Starting BiltysystemApplicationTests on d4756996.federated.fds with PID 12642 (started by arasool in /Users/arasool/myrepos/bilty-system-spring)
2021-08-14 09:33:29,431 The following profiles are active: base
2021-08-14 09:33:30,180 Bootstrapping Spring Data JPA repositories in DEFERRED mode.
2021-08-14 09:33:30,289 Finished Spring Data repository scanning in 98ms. Found 4 JPA repository interfaces.
2021-08-14 09:33:31,080 Initializing ExecutorService 'applicationTaskExecutor'
2021-08-14 09:33:31,164 HHH000204: Processing PersistenceUnitInfo [name: default]
2021-08-14 09:33:31,258 HHH000412: Hibernate ORM core version 5.4.15.Final
2021-08-14 09:33:31,552 spring.jpa.open-in-view is enabled by default. Therefore, database queries may be performed during view rendering. Explicitly configure spring.jpa.open-in-view to disable this warning
2021-08-14 09:33:31,582 HCANN000001: Hibernate Commons Annotations {5.1.0.Final}
2021-08-14 09:33:31,767 HHH000400: Using dialect: org.hibernate.dialect.PostgreSQLDialect
2021-08-14 09:33:32,558 HikariPool-1 - Starting...
2021-08-14 09:33:32,710 HikariPool-1 - Start completed.
2021-08-14 09:33:32,853 HHH000490: Using JtaPlatform implementation: [org.hibernate.engine.transaction.jta.platform.internal.NoJtaPlatform]
2021-08-14 09:33:32,865 Initialized JPA EntityManagerFactory for persistence unit 'default'
2021-08-14 09:33:33,931 Triggering deferred initialization of Spring Data repositories?
2021-08-14 09:33:34,179 Spring Data repositories initialized!
2021-08-14 09:33:34,191 Started BiltysystemApplicationTests in 5.15 seconds (JVM running for 6.156)
2021-08-14 09:33:34,331 Closing JPA EntityManagerFactory for persistence unit 'default'
2021-08-14 09:33:34,333 Shutting down ExecutorService 'applicationTaskExecutor'
2021-08-14 09:33:34,334 HikariPool-1 - Shutdown initiated...
2021-08-14 09:33:34,340 HikariPool-1 - Shutdown completed.
2021-08-14 09:35:54,483 Starting BiltysystemApplicationTests on d4756996.federated.fds with PID 13166 (started by arasool in /Users/arasool/myrepos/bilty-system-spring)
2021-08-14 09:35:54,484 The following profiles are active: base
2021-08-14 09:35:55,075 Bootstrapping Spring Data JPA repositories in DEFERRED mode.
2021-08-14 09:35:55,172 Finished Spring Data repository scanning in 88ms. Found 4 JPA repository interfaces.
2021-08-14 09:35:55,782 Initializing ExecutorService 'applicationTaskExecutor'
2021-08-14 09:35:55,844 HHH000204: Processing PersistenceUnitInfo [name: default]
2021-08-14 09:35:55,903 HHH000412: Hibernate ORM core version 5.4.15.Final
2021-08-14 09:35:56,134 HCANN000001: Hibernate Commons Annotations {5.1.0.Final}
2021-08-14 09:35:56,166 spring.jpa.open-in-view is enabled by default. Therefore, database queries may be performed during view rendering. Explicitly configure spring.jpa.open-in-view to disable this warning
2021-08-14 09:35:56,280 HHH000400: Using dialect: org.hibernate.dialect.PostgreSQLDialect
2021-08-14 09:35:56,890 HikariPool-1 - Starting...
2021-08-14 09:35:57,037 HikariPool-1 - Start completed.
2021-08-14 09:35:57,148 HHH000490: Using JtaPlatform implementation: [org.hibernate.engine.transaction.jta.platform.internal.NoJtaPlatform]
2021-08-14 09:35:57,157 Initialized JPA EntityManagerFactory for persistence unit 'default'
2021-08-14 09:35:57,985 Triggering deferred initialization of Spring Data repositories?
2021-08-14 09:35:58,176 Spring Data repositories initialized!
2021-08-14 09:35:58,189 Started BiltysystemApplicationTests in 4.058 seconds (JVM running for 5.338)
2021-08-14 09:35:58,316 Closing JPA EntityManagerFactory for persistence unit 'default'
2021-08-14 09:35:58,318 Shutting down ExecutorService 'applicationTaskExecutor'
2021-08-14 09:35:58,319 HikariPool-1 - Shutdown initiated...
2021-08-14 09:35:58,327 HikariPool-1 - Shutdown completed.
2021-08-14 09:39:02,262 Starting BiltysystemApplicationTests on d4756996.federated.fds with PID 13799 (started by arasool in /Users/arasool/myrepos/bilty-system-spring)
2021-08-14 09:39:02,262 The following profiles are active: base
2021-08-14 09:39:02,868 Bootstrapping Spring Data JPA repositories in DEFERRED mode.
2021-08-14 09:39:02,949 Finished Spring Data repository scanning in 73ms. Found 4 JPA repository interfaces.
2021-08-14 09:39:03,503 Initializing ExecutorService 'applicationTaskExecutor'
2021-08-14 09:39:03,573 HHH000204: Processing PersistenceUnitInfo [name: default]
2021-08-14 09:39:03,636 HHH000412: Hibernate ORM core version 5.4.15.Final
2021-08-14 09:39:03,889 HCANN000001: Hibernate Commons Annotations {5.1.0.Final}
2021-08-14 09:39:03,905 spring.jpa.open-in-view is enabled by default. Therefore, database queries may be performed during view rendering. Explicitly configure spring.jpa.open-in-view to disable this warning
2021-08-14 09:39:04,055 HHH000400: Using dialect: org.hibernate.dialect.PostgreSQLDialect
2021-08-14 09:39:04,804 HikariPool-1 - Starting...
2021-08-14 09:39:04,936 HikariPool-1 - Start completed.
2021-08-14 09:39:05,091 HHH000490: Using JtaPlatform implementation: [org.hibernate.engine.transaction.jta.platform.internal.NoJtaPlatform]
2021-08-14 09:39:05,105 Initialized JPA EntityManagerFactory for persistence unit 'default'
2021-08-14 09:39:05,377 Exception encountered during context initialization - cancelling refresh attempt: org.springframework.beans.factory.UnsatisfiedDependencyException: Error creating bean with name 'requestMappingHandlerAdapter' defined in class path resource [org/springframework/boot/autoconfigure/web/servlet/WebMvcAutoConfiguration$EnableWebMvcConfiguration.class]: Unsatisfied dependency expressed through method 'requestMappingHandlerAdapter' parameter 1; nested exception is org.springframework.beans.factory.BeanCreationException: Error creating bean with name 'mvcConversionService' defined in class path resource [org/springframework/boot/autoconfigure/web/servlet/WebMvcAutoConfiguration$EnableWebMvcConfiguration.class]: Bean instantiation via factory method failed; nested exception is org.springframework.beans.BeanInstantiationException: Failed to instantiate [org.springframework.format.support.FormattingConversionService]: Factory method 'mvcConversionService' threw exception; nested exception is org.springframework.beans.BeanInstantiationException: Failed to instantiate [org.springframework.data.jpa.repository.support.QuerydslJpaPredicateExecutor]: Constructor threw exception; nested exception is java.lang.IllegalArgumentException: Did not find a query class com.enterprises.mengal.biltysystem.model.QBilty for domain class com.enterprises.mengal.biltysystem.model.Bilty!
Related cause: org.springframework.beans.factory.UnsatisfiedDependencyException: Error creating bean with name 'requestMappingHandlerAdapter' defined in class path resource [org/springframework/boot/autoconfigure/web/servlet/WebMvcAutoConfiguration$EnableWebMvcConfiguration.class]: Unsatisfied dependency expressed through method 'requestMappingHandlerAdapter' parameter 1; nested exception is org.springframework.beans.factory.BeanCreationException: Error creating bean with name 'mvcConversionService' defined in class path resource [org/springframework/boot/autoconfigure/web/servlet/WebMvcAutoConfiguration$EnableWebMvcConfiguration.class]: Bean instantiation via factory method failed; nested exception is org.springframework.beans.BeanInstantiationException: Failed to instantiate [org.springframework.format.support.FormattingConversionService]: Factory method 'mvcConversionService' threw exception; nested exception is org.springframework.beans.BeanInstantiationException: Failed to instantiate [org.springframework.data.jpa.repository.support.QuerydslJpaPredicateExecutor]: Constructor threw exception; nested exception is java.lang.IllegalArgumentException: Did not find a query class com.enterprises.mengal.biltysystem.model.QBilty for domain class com.enterprises.mengal.biltysystem.model.Bilty!
2021-08-14 09:39:05,381 Closing JPA EntityManagerFactory for persistence unit 'default'
2021-08-14 09:39:05,382 Shutting down ExecutorService 'applicationTaskExecutor'
2021-08-14 09:39:05,383 HikariPool-1 - Shutdown initiated...
2021-08-14 09:39:05,388 HikariPool-1 - Shutdown completed.
2021-08-14 09:39:05,399 

Error starting ApplicationContext. To display the conditions report re-run your application with 'debug' enabled.
2021-08-14 09:39:05,406 Application run failed
org.springframework.beans.factory.UnsatisfiedDependencyException: Error creating bean with name 'requestMappingHandlerAdapter' defined in class path resource [org/springframework/boot/autoconfigure/web/servlet/WebMvcAutoConfiguration$EnableWebMvcConfiguration.class]: Unsatisfied dependency expressed through method 'requestMappingHandlerAdapter' parameter 1; nested exception is org.springframework.beans.factory.BeanCreationException: Error creating bean with name 'mvcConversionService' defined in class path resource [org/springframework/boot/autoconfigure/web/servlet/WebMvcAutoConfiguration$EnableWebMvcConfiguration.class]: Bean instantiation via factory method failed; nested exception is org.springframework.beans.BeanInstantiationException: Failed to instantiate [org.springframework.format.support.FormattingConversionService]: Factory method 'mvcConversionService' threw exception; nested exception is org.springframework.beans.BeanInstantiationException: Failed to instantiate [org.springframework.data.jpa.repository.support.QuerydslJpaPredicateExecutor]: Constructor threw exception; nested exception is java.lang.IllegalArgumentException: Did not find a query class com.enterprises.mengal.biltysystem.model.QBilty for domain class com.enterprises.mengal.biltysystem.model.Bilty!
	at org.springframework.beans.factory.support.ConstructorResolver.createArgumentArray(ConstructorResolver.java:798)
	at org.springframework.beans.factory.support.ConstructorResolver.instantiateUsingFactoryMethod(ConstructorResolver.java:539)
	at org.springframework.beans.factory.support.AbstractAutowireCapableBeanFactory.instantiateUsingFactoryMethod(AbstractAutowireCapableBeanFactory.java:1338)
	at org.springframework.beans.factory.support.AbstractAutowireCapableBeanFactory.createBeanInstance(AbstractAutowireCapableBeanFactory.java:1177)
	at org.springframework.beans.factory.support.AbstractAutowireCapableBeanFactory.doCreateBean(AbstractAutowireCapableBeanFactory.java:557)
	at org.springframework.beans.factory.support.AbstractAutowireCapableBeanFactory.createBean(AbstractAutowireCapableBeanFactory.java:517)
	at org.springframework.beans.factory.support.AbstractBeanFactory.lambda$doGetBean$0(AbstractBeanFactory.java:323)
	at org.springframework.beans.factory.support.DefaultSingletonBeanRegistry.getSingleton(DefaultSingletonBeanRegistry.java:226)
	at org.springframework.beans.factory.support.AbstractBeanFactory.doGetBean(AbstractBeanFactory.java:321)
	at org.springframework.beans.factory.support.AbstractBeanFactory.getBean(AbstractBeanFactory.java:202)
	at org.springframework.beans.factory.support.DefaultListableBeanFactory.preInstantiateSingletons(DefaultListableBeanFactory.java:895)
	at org.springframework.context.support.AbstractApplicationContext.finishBeanFactoryInitialization(AbstractApplicationContext.java:878)
	at org.springframework.context.support.AbstractApplicationContext.refresh(AbstractApplicationContext.java:550)
	at org.springframework.boot.SpringApplication.refresh(SpringApplication.java:758)
	at org.springframework.boot.SpringApplication.refresh(SpringApplication.java:750)
	at org.springframework.boot.SpringApplication.refreshContext(SpringApplication.java:397)
	at org.springframework.boot.SpringApplication.run(SpringApplication.java:315)
	at org.springframework.boot.test.context.SpringBootContextLoader.loadContext(SpringBootContextLoader.java:120)
	at org.springframework.test.context.cache.DefaultCacheAwareContextLoaderDelegate.loadContextInternal(DefaultCacheAwareContextLoaderDelegate.java:99)
	at org.springframework.test.context.cache.DefaultCacheAwareContextLoaderDelegate.loadContext(DefaultCacheAwareContextLoaderDelegate.java:124)
	at org.springframework.test.context.support.DefaultTestContext.getApplicationContext(DefaultTestContext.java:123)
	at org.springframework.test.context.web.ServletTestExecutionListener.setUpRequestContextIfNecessary(ServletTestExecutionListener.java:190)
	at org.springframework.test.context.web.ServletTestExecutionListener.prepareTestInstance(ServletTestExecutionListener.java:132)
	at org.springframework.test.context.TestContextManager.prepareTestInstance(TestContextManager.java:244)
	at org.springframework.test.context.junit.jupiter.SpringExtension.postProcessTestInstance(SpringExtension.java:98)
	at org.junit.jupiter.engine.descriptor.ClassBasedTestDescriptor.lambda$invokeTestInstancePostProcessors$5(ClassBasedTestDescriptor.java:341)
	at org.junit.jupiter.engine.descriptor.ClassBasedTestDescriptor.executeAndMaskThrowable(ClassBasedTestDescriptor.java:346)
	at org.junit.jupiter.engine.descriptor.ClassBasedTestDescriptor.lambda$invokeTestInstancePostProcessors$6(ClassBasedTestDescriptor.java:341)
	at java.util.stream.ReferencePipeline$3$1.accept(ReferencePipeline.java:193)
	at java.util.stream.ReferencePipeline$2$1.accept(ReferencePipeline.java:175)
	at java.util.ArrayList$ArrayListSpliterator.forEachRemaining(ArrayList.java:1384)
	at java.util.stream.AbstractPipeline.copyInto(AbstractPipeline.java:482)
	at java.util.stream.AbstractPipeline.wrapAndCopyInto(AbstractPipeline.java:472)
	at java.util.stream.StreamSpliterators$WrappingSpliterator.forEachRemaining(StreamSpliterators.java:312)
	at java.util.stream.Streams$ConcatSpliterator.forEachRemaining(Streams.java:743)
	at java.util.stream.Streams$ConcatSpliterator.forEachRemaining(Streams.java:742)
	at java.util.stream.ReferencePipeline$Head.forEach(ReferencePipeline.java:580)
	at org.junit.jupiter.engine.descriptor.ClassBasedTestDescriptor.invokeTestInstancePostProcessors(ClassBasedTestDescriptor.java:340)
	at org.junit.jupiter.engine.descriptor.ClassBasedTestDescriptor.instantiateAndPostProcessTestInstance(ClassBasedTestDescriptor.java:263)
	at org.junit.jupiter.engine.descriptor.ClassBasedTestDescriptor.lambda$testInstancesProvider$2(ClassBasedTestDescriptor.java:256)
	at java.util.Optional.orElseGet(Optional.java:267)
	at org.junit.jupiter.engine.descriptor.ClassBasedTestDescriptor.lambda$testInstancesProvider$3(ClassBasedTestDescriptor.java:255)
	at org.junit.jupiter.engine.execution.TestInstancesProvider.getTestInstances(TestInstancesProvider.java:29)
	at org.junit.jupiter.engine.descriptor.TestMethodTestDescriptor.lambda$prepare$0(TestMethodTestDescriptor.java:108)
	at org.junit.platform.engine.support.hierarchical.ThrowableCollector.execute(ThrowableCollector.java:73)
	at org.junit.jupiter.engine.descriptor.TestMethodTestDescriptor.prepare(TestMethodTestDescriptor.java:107)
	at org.junit.jupiter.engine.descriptor.TestMethodTestDescriptor.prepare(TestMethodTestDescriptor.java:71)
	at org.junit.platform.engine.support.hierarchical.NodeTestTask.lambda$prepare$1(NodeTestTask.java:107)
	at org.junit.platform.engine.support.hierarchical.ThrowableCollector.execute(ThrowableCollector.java:73)
	at org.junit.platform.engine.support.hierarchical.NodeTestTask.prepare(NodeTestTask.java:107)
	at org.junit.platform.engine.support.hierarchical.NodeTestTask.execute(NodeTestTask.java:75)
	at java.util.ArrayList.forEach(ArrayList.java:1259)
	at org.junit.platform.engine.support.hierarchical.SameThreadHierarchicalTestExecutorService.invokeAll(SameThreadHierarchicalTestExecutorService.java:38)
	at org.junit.platform.engine.support.hierarchical.NodeTestTask.lambda$executeRecursively$5(NodeTestTask.java:139)
	at org.junit.platform.engine.support.hierarchical.ThrowableCollector.execute(ThrowableCollector.java:73)
	at org.junit.platform.engine.support.hierarchical.NodeTestTask.lambda$executeRecursively$7(NodeTestTask.java:125)
	at org.junit.platform.engine.support.hierarchical.Node.around(Node.java:135)
	at org.junit.platform.engine.support.hierarchical.NodeTestTask.lambda$executeRecursively$8(NodeTestTask.java:123)
	at org.junit.platform.engine.support.hierarchical.ThrowableCollector.execute(ThrowableCollector.java:73)
	at org.junit.platform.engine.support.hierarchical.NodeTestTask.executeRecursively(NodeTestTask.java:122)
	at org.junit.platform.engine.support.hierarchical.NodeTestTask.execute(NodeTestTask.java:80)
	at java.util.ArrayList.forEach(ArrayList.java:1259)
	at org.junit.platform.engine.support.hierarchical.SameThreadHierarchicalTestExecutorService.invokeAll(SameThreadHierarchicalTestExecutorService.java:38)
	at org.junit.platform.engine.support.hierarchical.NodeTestTask.lambda$executeRecursively$5(NodeTestTask.java:139)
	at org.junit.platform.engine.support.hierarchical.ThrowableCollector.execute(ThrowableCollector.java:73)
	at org.junit.platform.engine.support.hierarchical.NodeTestTask.lambda$executeRecursively$7(NodeTestTask.java:125)
	at org.junit.platform.engine.support.hierarchical.Node.around(Node.java:135)
	at org.junit.platform.engine.support.hierarchical.NodeTestTask.lambda$executeRecursively$8(NodeTestTask.java:123)
	at org.junit.platform.engine.support.hierarchical.ThrowableCollector.execute(ThrowableCollector.java:73)
	at org.junit.platform.engine.support.hierarchical.NodeTestTask.executeRecursively(NodeTestTask.java:122)
	at org.junit.platform.engine.support.hierarchical.NodeTestTask.execute(NodeTestTask.java:80)
	at org.junit.platform.engine.support.hierarchical.SameThreadHierarchicalTestExecutorService.submit(SameThreadHierarchicalTestExecutorService.java:32)
	at org.junit.platform.engine.support.hierarchical.HierarchicalTestExecutor.execute(HierarchicalTestExecutor.java:57)
	at org.junit.platform.engine.support.hierarchical.HierarchicalTestEngine.execute(HierarchicalTestEngine.java:51)
	at org.junit.platform.launcher.core.DefaultLauncher.execute(DefaultLauncher.java:220)
	at org.junit.platform.launcher.core.DefaultLauncher.lambda$execute$6(DefaultLauncher.java:188)
	at org.junit.platform.launcher.core.DefaultLauncher.withInterceptedStreams(DefaultLauncher.java:202)
	at org.junit.platform.launcher.core.DefaultLauncher.execute(DefaultLauncher.java:181)
	at org.junit.platform.launcher.core.DefaultLauncher.execute(DefaultLauncher.java:128)
	at org.apache.maven.surefire.junitplatform.JUnitPlatformProvider.invokeAllTests(JUnitPlatformProvider.java:150)
	at org.apache.maven.surefire.junitplatform.JUnitPlatformProvider.invoke(JUnitPlatformProvider.java:124)
	at org.apache.maven.surefire.booter.ForkedBooter.invokeProviderInSameClassLoader(ForkedBooter.java:384)
	at org.apache.maven.surefire.booter.ForkedBooter.runSuitesInProcess(ForkedBooter.java:345)
	at org.apache.maven.surefire.booter.ForkedBooter.execute(ForkedBooter.java:126)
	at org.apache.maven.surefire.booter.ForkedBooter.main(ForkedBooter.java:418)
Caused by: org.springframework.beans.factory.BeanCreationException: Error creating bean with name 'mvcConversionService' defined in class path resource [org/springframework/boot/autoconfigure/web/servlet/WebMvcAutoConfiguration$EnableWebMvcConfiguration.class]: Bean instantiation via factory method failed; nested exception is org.springframework.beans.BeanInstantiationException: Failed to instantiate [org.springframework.format.support.FormattingConversionService]: Factory method 'mvcConversionService' threw exception; nested exception is org.springframework.beans.BeanInstantiationException: Failed to instantiate [org.springframework.data.jpa.repository.support.QuerydslJpaPredicateExecutor]: Constructor threw exception; nested exception is java.lang.IllegalArgumentException: Did not find a query class com.enterprises.mengal.biltysystem.model.QBilty for domain class com.enterprises.mengal.biltysystem.model.Bilty!
	at org.springframework.beans.factory.support.ConstructorResolver.instantiate(ConstructorResolver.java:656)
	at org.springframework.beans.factory.support.ConstructorResolver.instantiateUsingFactoryMethod(ConstructorResolver.java:636)
	at org.springframework.beans.factory.support.AbstractAutowireCapableBeanFactory.instantiateUsingFactoryMethod(AbstractAutowireCapableBeanFactory.java:1338)
	at org.springframework.beans.factory.support.AbstractAutowireCapableBeanFactory.createBeanInstance(AbstractAutowireCapableBeanFactory.java:1177)
	at org.springframework.beans.factory.support.AbstractAutowireCapableBeanFactory.doCreateBean(AbstractAutowireCapableBeanFactory.java:557)
	at org.springframework.beans.factory.support.AbstractAutowireCapableBeanFactory.createBean(AbstractAutowireCapableBeanFactory.java:517)
	at org.springframework.beans.factory.support.AbstractBeanFactory.lambda$doGetBean$0(AbstractBeanFactory.java:323)
	at org.springframework.beans.factory.support.DefaultSingletonBeanRegistry.getSingleton(DefaultSingletonBeanRegistry.java:226)
	at org.springframework.beans.factory.support.AbstractBeanFactory.doGetBean(AbstractBeanFactory.java:321)
	at org.springframework.beans.factory.support.AbstractBeanFactory.getBean(AbstractBeanFactory.java:202)
	at org.springframework.beans.factory.config.DependencyDescriptor.resolveCandidate(DependencyDescriptor.java:276)
	at org.springframework.beans.factory.support.DefaultListableBeanFactory.doResolveDependency(DefaultListableBeanFactory.java:1306)
	at org.springframework.beans.factory.support.DefaultListableBeanFactory.resolveDependency(DefaultListableBeanFactory.java:1226)
	at org.springframework.beans.factory.support.ConstructorResolver.resolveAutowiredArgument(ConstructorResolver.java:885)
	at org.springframework.beans.factory.support.ConstructorResolver.createArgumentArray(ConstructorResolver.java:789)
	... 84 common frames omitted
Caused by: org.springframework.beans.BeanInstantiationException: Failed to instantiate [org.springframework.format.support.FormattingConversionService]: Factory method 'mvcConversionService' threw exception; nested exception is org.springframework.beans.BeanInstantiationException: Failed to instantiate [org.springframework.data.jpa.repository.support.QuerydslJpaPredicateExecutor]: Constructor threw exception; nested exception is java.lang.IllegalArgumentException: Did not find a query class com.enterprises.mengal.biltysystem.model.QBilty for domain class com.enterprises.mengal.biltysystem.model.Bilty!
	at org.springframework.beans.factory.support.SimpleInstantiationStrategy.instantiate(SimpleInstantiationStrategy.java:185)
	at org.springframework.beans.factory.support.ConstructorResolver.instantiate(ConstructorResolver.java:651)
	... 98 common frames omitted
Caused by: org.springframework.beans.BeanInstantiationException: Failed to instantiate [org.springframework.data.jpa.repository.support.QuerydslJpaPredicateExecutor]: Constructor threw exception; nested exception is java.lang.IllegalArgumentException: Did not find a query class com.enterprises.mengal.biltysystem.model.QBilty for domain class com.enterprises.mengal.biltysystem.model.Bilty!
	at org.springframework.beans.BeanUtils.instantiateClass(BeanUtils.java:217)
	at org.springframework.data.repository.core.support.RepositoryFactorySupport.lambda$getTargetRepositoryViaReflection$3(RepositoryFactorySupport.java:521)
	at java.util.Optional.map(Optional.java:215)
	at org.springframework.data.repository.core.support.RepositoryFactorySupport.getTargetRepositoryViaReflection(RepositoryFactorySupport.java:521)
	at org.springframework.data.jpa.repository.support.JpaRepositoryFactory.getRepositoryFragments(JpaRepositoryFactory.java:253)
	at org.springframework.data.repository.core.support.RepositoryFactorySupport.getRepositoryComposition(RepositoryFactorySupport.java:398)
	at org.springframework.data.repository.core.support.RepositoryFactorySupport.getRepositoryInformation(RepositoryFactorySupport.java:381)
	at org.springframework.data.repository.core.support.RepositoryFactoryBeanSupport.getRepositoryInformation(RepositoryFactoryBeanSupport.java:217)
	at org.springframework.data.repository.support.Repositories.cacheRepositoryFactory(Repositories.java:102)
	at org.springframework.data.repository.support.Repositories.populateRepositoryFactoryInformation(Repositories.java:92)
	at org.springframework.data.repository.support.Repositories.<init>(Repositories.java:85)
	at org.springframework.data.repository.support.DomainClassConverter.setApplicationContext(DomainClassConverter.java:109)
	at org.springframework.data.web.config.SpringDataWebConfiguration.addFormatters(SpringDataWebConfiguration.java:130)
	at org.springframework.web.servlet.config.annotation.WebMvcConfigurerComposite.addFormatters(WebMvcConfigurerComposite.java:81)
	at org.springframework.web.servlet.config.annotation.DelegatingWebMvcConfiguration.addFormatters(DelegatingWebMvcConfiguration.java:78)
	at org.springframework.boot.autoconfigure.web.servlet.WebMvcAutoConfiguration$EnableWebMvcConfiguration.mvcConversionService(WebMvcAutoConfiguration.java:435)
	at sun.reflect.NativeMethodAccessorImpl.invoke0(Native Method)
	at sun.reflect.NativeMethodAccessorImpl.invoke(NativeMethodAccessorImpl.java:62)
	at sun.reflect.DelegatingMethodAccessorImpl.invoke(DelegatingMethodAccessorImpl.java:43)
	at java.lang.reflect.Method.invoke(Method.java:498)
	at org.springframework.beans.factory.support.SimpleInstantiationStrategy.instantiate(SimpleInstantiationStrategy.java:154)
	... 99 common frames omitted
Caused by: java.lang.IllegalArgumentException: Did not find a query class com.enterprises.mengal.biltysystem.model.QBilty for domain class com.enterprises.mengal.biltysystem.model.Bilty!
	at org.springframework.data.querydsl.SimpleEntityPathResolver.createPath(SimpleEntityPathResolver.java:78)
	at org.springframework.data.jpa.repository.support.QuerydslJpaPredicateExecutor.<init>(QuerydslJpaPredicateExecutor.java:78)
	at sun.reflect.NativeConstructorAccessorImpl.newInstance0(Native Method)
	at sun.reflect.NativeConstructorAccessorImpl.newInstance(NativeConstructorAccessorImpl.java:62)
	at sun.reflect.DelegatingConstructorAccessorImpl.newInstance(DelegatingConstructorAccessorImpl.java:45)
	at java.lang.reflect.Constructor.newInstance(Constructor.java:423)
	at org.springframework.beans.BeanUtils.instantiateClass(BeanUtils.java:204)
	... 119 common frames omitted
Caused by: java.lang.ClassNotFoundException: com.enterprises.mengal.biltysystem.model.QBilty
	at java.net.URLClassLoader.findClass(URLClassLoader.java:382)
	at java.lang.ClassLoader.loadClass(ClassLoader.java:418)
	at sun.misc.Launcher$AppClassLoader.loadClass(Launcher.java:355)
	at java.lang.ClassLoader.loadClass(ClassLoader.java:351)
	at java.lang.Class.forName0(Native Method)
	at java.lang.Class.forName(Class.java:348)
	at org.springframework.util.ClassUtils.forName(ClassUtils.java:285)
	at org.springframework.data.querydsl.SimpleEntityPathResolver.createPath(SimpleEntityPathResolver.java:71)
	... 125 common frames omitted
2021-08-14 09:39:05,412 Caught exception while allowing TestExecutionListener [org.springframework.test.context.web.ServletTestExecutionListener@4dbb42b7] to prepare test instance [com.enterprises.mengal.biltysystem.BiltysystemApplicationTests@32e54a9d]
java.lang.IllegalStateException: Failed to load ApplicationContext
	at org.springframework.test.context.cache.DefaultCacheAwareContextLoaderDelegate.loadContext(DefaultCacheAwareContextLoaderDelegate.java:132)
	at org.springframework.test.context.support.DefaultTestContext.getApplicationContext(DefaultTestContext.java:123)
	at org.springframework.test.context.web.ServletTestExecutionListener.setUpRequestContextIfNecessary(ServletTestExecutionListener.java:190)
	at org.springframework.test.context.web.ServletTestExecutionListener.prepareTestInstance(ServletTestExecutionListener.java:132)
	at org.springframework.test.context.TestContextManager.prepareTestInstance(TestContextManager.java:244)
	at org.springframework.test.context.junit.jupiter.SpringExtension.postProcessTestInstance(SpringExtension.java:98)
	at org.junit.jupiter.engine.descriptor.ClassBasedTestDescriptor.lambda$invokeTestInstancePostProcessors$5(ClassBasedTestDescriptor.java:341)
	at org.junit.jupiter.engine.descriptor.ClassBasedTestDescriptor.executeAndMaskThrowable(ClassBasedTestDescriptor.java:346)
	at org.junit.jupiter.engine.descriptor.ClassBasedTestDescriptor.lambda$invokeTestInstancePostProcessors$6(ClassBasedTestDescriptor.java:341)
	at java.util.stream.ReferencePipeline$3$1.accept(ReferencePipeline.java:193)
	at java.util.stream.ReferencePipeline$2$1.accept(ReferencePipeline.java:175)
	at java.util.ArrayList$ArrayListSpliterator.forEachRemaining(ArrayList.java:1384)
	at java.util.stream.AbstractPipeline.copyInto(AbstractPipeline.java:482)
	at java.util.stream.AbstractPipeline.wrapAndCopyInto(AbstractPipeline.java:472)
	at java.util.stream.StreamSpliterators$WrappingSpliterator.forEachRemaining(StreamSpliterators.java:312)
	at java.util.stream.Streams$ConcatSpliterator.forEachRemaining(Streams.java:743)
	at java.util.stream.Streams$ConcatSpliterator.forEachRemaining(Streams.java:742)
	at java.util.stream.ReferencePipeline$Head.forEach(ReferencePipeline.java:580)
	at org.junit.jupiter.engine.descriptor.ClassBasedTestDescriptor.invokeTestInstancePostProcessors(ClassBasedTestDescriptor.java:340)
	at org.junit.jupiter.engine.descriptor.ClassBasedTestDescriptor.instantiateAndPostProcessTestInstance(ClassBasedTestDescriptor.java:263)
	at org.junit.jupiter.engine.descriptor.ClassBasedTestDescriptor.lambda$testInstancesProvider$2(ClassBasedTestDescriptor.java:256)
	at java.util.Optional.orElseGet(Optional.java:267)
	at org.junit.jupiter.engine.descriptor.ClassBasedTestDescriptor.lambda$testInstancesProvider$3(ClassBasedTestDescriptor.java:255)
	at org.junit.jupiter.engine.execution.TestInstancesProvider.getTestInstances(TestInstancesProvider.java:29)
	at org.junit.jupiter.engine.descriptor.TestMethodTestDescriptor.lambda$prepare$0(TestMethodTestDescriptor.java:108)
	at org.junit.platform.engine.support.hierarchical.ThrowableCollector.execute(ThrowableCollector.java:73)
	at org.junit.jupiter.engine.descriptor.TestMethodTestDescriptor.prepare(TestMethodTestDescriptor.java:107)
	at org.junit.jupiter.engine.descriptor.TestMethodTestDescriptor.prepare(TestMethodTestDescriptor.java:71)
	at org.junit.platform.engine.support.hierarchical.NodeTestTask.lambda$prepare$1(NodeTestTask.java:107)
	at org.junit.platform.engine.support.hierarchical.ThrowableCollector.execute(ThrowableCollector.java:73)
	at org.junit.platform.engine.support.hierarchical.NodeTestTask.prepare(NodeTestTask.java:107)
	at org.junit.platform.engine.support.hierarchical.NodeTestTask.execute(NodeTestTask.java:75)
	at java.util.ArrayList.forEach(ArrayList.java:1259)
	at org.junit.platform.engine.support.hierarchical.SameThreadHierarchicalTestExecutorService.invokeAll(SameThreadHierarchicalTestExecutorService.java:38)
	at org.junit.platform.engine.support.hierarchical.NodeTestTask.lambda$executeRecursively$5(NodeTestTask.java:139)
	at org.junit.platform.engine.support.hierarchical.ThrowableCollector.execute(ThrowableCollector.java:73)
	at org.junit.platform.engine.support.hierarchical.NodeTestTask.lambda$executeRecursively$7(NodeTestTask.java:125)
	at org.junit.platform.engine.support.hierarchical.Node.around(Node.java:135)
	at org.junit.platform.engine.support.hierarchical.NodeTestTask.lambda$executeRecursively$8(NodeTestTask.java:123)
	at org.junit.platform.engine.support.hierarchical.ThrowableCollector.execute(ThrowableCollector.java:73)
	at org.junit.platform.engine.support.hierarchical.NodeTestTask.executeRecursively(NodeTestTask.java:122)
	at org.junit.platform.engine.support.hierarchical.NodeTestTask.execute(NodeTestTask.java:80)
	at java.util.ArrayList.forEach(ArrayList.java:1259)
	at org.junit.platform.engine.support.hierarchical.SameThreadHierarchicalTestExecutorService.invokeAll(SameThreadHierarchicalTestExecutorService.java:38)
	at org.junit.platform.engine.support.hierarchical.NodeTestTask.lambda$executeRecursively$5(NodeTestTask.java:139)
	at org.junit.platform.engine.support.hierarchical.ThrowableCollector.execute(ThrowableCollector.java:73)
	at org.junit.platform.engine.support.hierarchical.NodeTestTask.lambda$executeRecursively$7(NodeTestTask.java:125)
	at org.junit.platform.engine.support.hierarchical.Node.around(Node.java:135)
	at org.junit.platform.engine.support.hierarchical.NodeTestTask.lambda$executeRecursively$8(NodeTestTask.java:123)
	at org.junit.platform.engine.support.hierarchical.ThrowableCollector.execute(ThrowableCollector.java:73)
	at org.junit.platform.engine.support.hierarchical.NodeTestTask.executeRecursively(NodeTestTask.java:122)
	at org.junit.platform.engine.support.hierarchical.NodeTestTask.execute(NodeTestTask.java:80)
	at org.junit.platform.engine.support.hierarchical.SameThreadHierarchicalTestExecutorService.submit(SameThreadHierarchicalTestExecutorService.java:32)
	at org.junit.platform.engine.support.hierarchical.HierarchicalTestExecutor.execute(HierarchicalTestExecutor.java:57)
	at org.junit.platform.engine.support.hierarchical.HierarchicalTestEngine.execute(HierarchicalTestEngine.java:51)
	at org.junit.platform.launcher.core.DefaultLauncher.execute(DefaultLauncher.java:220)
	at org.junit.platform.launcher.core.DefaultLauncher.lambda$execute$6(DefaultLauncher.java:188)
	at org.junit.platform.launcher.core.DefaultLauncher.withInterceptedStreams(DefaultLauncher.java:202)
	at org.junit.platform.launcher.core.DefaultLauncher.execute(DefaultLauncher.java:181)
	at org.junit.platform.launcher.core.DefaultLauncher.execute(DefaultLauncher.java:128)
	at org.apache.maven.surefire.junitplatform.JUnitPlatformProvider.invokeAllTests(JUnitPlatformProvider.java:150)
	at org.apache.maven.surefire.junitplatform.JUnitPlatformProvider.invoke(JUnitPlatformProvider.java:124)
	at org.apache.maven.surefire.booter.ForkedBooter.invokeProviderInSameClassLoader(ForkedBooter.java:384)
	at org.apache.maven.surefire.booter.ForkedBooter.runSuitesInProcess(ForkedBooter.java:345)
	at org.apache.maven.surefire.booter.ForkedBooter.execute(ForkedBooter.java:126)
	at org.apache.maven.surefire.booter.ForkedBooter.main(ForkedBooter.java:418)
Caused by: org.springframework.beans.factory.UnsatisfiedDependencyException: Error creating bean with name 'requestMappingHandlerAdapter' defined in class path resource [org/springframework/boot/autoconfigure/web/servlet/WebMvcAutoConfiguration$EnableWebMvcConfiguration.class]: Unsatisfied dependency expressed through method 'requestMappingHandlerAdapter' parameter 1; nested exception is org.springframework.beans.factory.BeanCreationException: Error creating bean with name 'mvcConversionService' defined in class path resource [org/springframework/boot/autoconfigure/web/servlet/WebMvcAutoConfiguration$EnableWebMvcConfiguration.class]: Bean instantiation via factory method failed; nested exception is org.springframework.beans.BeanInstantiationException: Failed to instantiate [org.springframework.format.support.FormattingConversionService]: Factory method 'mvcConversionService' threw exception; nested exception is org.springframework.beans.BeanInstantiationException: Failed to instantiate [org.springframework.data.jpa.repository.support.QuerydslJpaPredicateExecutor]: Constructor threw exception; nested exception is java.lang.IllegalArgumentException: Did not find a query class com.enterprises.mengal.biltysystem.model.QBilty for domain class com.enterprises.mengal.biltysystem.model.Bilty!
	at org.springframework.beans.factory.support.ConstructorResolver.createArgumentArray(ConstructorResolver.java:798)
	at org.springframework.beans.factory.support.ConstructorResolver.instantiateUsingFactoryMethod(ConstructorResolver.java:539)
	at org.springframework.beans.factory.support.AbstractAutowireCapableBeanFactory.instantiateUsingFactoryMethod(AbstractAutowireCapableBeanFactory.java:1338)
	at org.springframework.beans.factory.support.AbstractAutowireCapableBeanFactory.createBeanInstance(AbstractAutowireCapableBeanFactory.java:1177)
	at org.springframework.beans.factory.support.AbstractAutowireCapableBeanFactory.doCreateBean(AbstractAutowireCapableBeanFactory.java:557)
	at org.springframework.beans.factory.support.AbstractAutowireCapableBeanFactory.createBean(AbstractAutowireCapableBeanFactory.java:517)
	at org.springframework.beans.factory.support.AbstractBeanFactory.lambda$doGetBean$0(AbstractBeanFactory.java:323)
	at org.springframework.beans.factory.support.DefaultSingletonBeanRegistry.getSingleton(DefaultSingletonBeanRegistry.java:226)
	at org.springframework.beans.factory.support.AbstractBeanFactory.doGetBean(AbstractBeanFactory.java:321)
	at org.springframework.beans.factory.support.AbstractBeanFactory.getBean(AbstractBeanFactory.java:202)
	at org.springframework.beans.factory.support.DefaultListableBeanFactory.preInstantiateSingletons(DefaultListableBeanFactory.java:895)
	at org.springframework.context.support.AbstractApplicationContext.finishBeanFactoryInitialization(AbstractApplicationContext.java:878)
	at org.springframework.context.support.AbstractApplicationContext.refresh(AbstractApplicationContext.java:550)
	at org.springframework.boot.SpringApplication.refresh(SpringApplication.java:758)
	at org.springframework.boot.SpringApplication.refresh(SpringApplication.java:750)
	at org.springframework.boot.SpringApplication.refreshContext(SpringApplication.java:397)
	at org.springframework.boot.SpringApplication.run(SpringApplication.java:315)
	at org.springframework.boot.test.context.SpringBootContextLoader.loadContext(SpringBootContextLoader.java:120)
	at org.springframework.test.context.cache.DefaultCacheAwareContextLoaderDelegate.loadContextInternal(DefaultCacheAwareContextLoaderDelegate.java:99)
	at org.springframework.test.context.cache.DefaultCacheAwareContextLoaderDelegate.loadContext(DefaultCacheAwareContextLoaderDelegate.java:124)
	... 65 common frames omitted
Caused by: org.springframework.beans.factory.BeanCreationException: Error creating bean with name 'mvcConversionService' defined in class path resource [org/springframework/boot/autoconfigure/web/servlet/WebMvcAutoConfiguration$EnableWebMvcConfiguration.class]: Bean instantiation via factory method failed; nested exception is org.springframework.beans.BeanInstantiationException: Failed to instantiate [org.springframework.format.support.FormattingConversionService]: Factory method 'mvcConversionService' threw exception; nested exception is org.springframework.beans.BeanInstantiationException: Failed to instantiate [org.springframework.data.jpa.repository.support.QuerydslJpaPredicateExecutor]: Constructor threw exception; nested exception is java.lang.IllegalArgumentException: Did not find a query class com.enterprises.mengal.biltysystem.model.QBilty for domain class com.enterprises.mengal.biltysystem.model.Bilty!
	at org.springframework.beans.factory.support.ConstructorResolver.instantiate(ConstructorResolver.java:656)
	at org.springframework.beans.factory.support.ConstructorResolver.instantiateUsingFactoryMethod(ConstructorResolver.java:636)
	at org.springframework.beans.factory.support.AbstractAutowireCapableBeanFactory.instantiateUsingFactoryMethod(AbstractAutowireCapableBeanFactory.java:1338)
	at org.springframework.beans.factory.support.AbstractAutowireCapableBeanFactory.createBeanInstance(AbstractAutowireCapableBeanFactory.java:1177)
	at org.springframework.beans.factory.support.AbstractAutowireCapableBeanFactory.doCreateBean(AbstractAutowireCapableBeanFactory.java:557)
	at org.springframework.beans.factory.support.AbstractAutowireCapableBeanFactory.createBean(AbstractAutowireCapableBeanFactory.java:517)
	at org.springframework.beans.factory.support.AbstractBeanFactory.lambda$doGetBean$0(AbstractBeanFactory.java:323)
	at org.springframework.beans.factory.support.DefaultSingletonBeanRegistry.getSingleton(DefaultSingletonBeanRegistry.java:226)
	at org.springframework.beans.factory.support.AbstractBeanFactory.doGetBean(AbstractBeanFactory.java:321)
	at org.springframework.beans.factory.support.AbstractBeanFactory.getBean(AbstractBeanFactory.java:202)
	at org.springframework.beans.factory.config.DependencyDescriptor.resolveCandidate(DependencyDescriptor.java:276)
	at org.springframework.beans.factory.support.DefaultListableBeanFactory.doResolveDependency(DefaultListableBeanFactory.java:1306)
	at org.springframework.beans.factory.support.DefaultListableBeanFactory.resolveDependency(DefaultListableBeanFactory.java:1226)
	at org.springframework.beans.factory.support.ConstructorResolver.resolveAutowiredArgument(ConstructorResolver.java:885)
	at org.springframework.beans.factory.support.ConstructorResolver.createArgumentArray(ConstructorResolver.java:789)
	... 84 common frames omitted
Caused by: org.springframework.beans.BeanInstantiationException: Failed to instantiate [org.springframework.format.support.FormattingConversionService]: Factory method 'mvcConversionService' threw exception; nested exception is org.springframework.beans.BeanInstantiationException: Failed to instantiate [org.springframework.data.jpa.repository.support.QuerydslJpaPredicateExecutor]: Constructor threw exception; nested exception is java.lang.IllegalArgumentException: Did not find a query class com.enterprises.mengal.biltysystem.model.QBilty for domain class com.enterprises.mengal.biltysystem.model.Bilty!
	at org.springframework.beans.factory.support.SimpleInstantiationStrategy.instantiate(SimpleInstantiationStrategy.java:185)
	at org.springframework.beans.factory.support.ConstructorResolver.instantiate(ConstructorResolver.java:651)
	... 98 common frames omitted
Caused by: org.springframework.beans.BeanInstantiationException: Failed to instantiate [org.springframework.data.jpa.repository.support.QuerydslJpaPredicateExecutor]: Constructor threw exception; nested exception is java.lang.IllegalArgumentException: Did not find a query class com.enterprises.mengal.biltysystem.model.QBilty for domain class com.enterprises.mengal.biltysystem.model.Bilty!
	at org.springframework.beans.BeanUtils.instantiateClass(BeanUtils.java:217)
	at org.springframework.data.repository.core.support.RepositoryFactorySupport.lambda$getTargetRepositoryViaReflection$3(RepositoryFactorySupport.java:521)
	at java.util.Optional.map(Optional.java:215)
	at org.springframework.data.repository.core.support.RepositoryFactorySupport.getTargetRepositoryViaReflection(RepositoryFactorySupport.java:521)
	at org.springframework.data.jpa.repository.support.JpaRepositoryFactory.getRepositoryFragments(JpaRepositoryFactory.java:253)
	at org.springframework.data.repository.core.support.RepositoryFactorySupport.getRepositoryComposition(RepositoryFactorySupport.java:398)
	at org.springframework.data.repository.core.support.RepositoryFactorySupport.getRepositoryInformation(RepositoryFactorySupport.java:381)
	at org.springframework.data.repository.core.support.RepositoryFactoryBeanSupport.getRepositoryInformation(RepositoryFactoryBeanSupport.java:217)
	at org.springframework.data.repository.support.Repositories.cacheRepositoryFactory(Repositories.java:102)
	at org.springframework.data.repository.support.Repositories.populateRepositoryFactoryInformation(Repositories.java:92)
	at org.springframework.data.repository.support.Repositories.<init>(Repositories.java:85)
	at org.springframework.data.repository.support.DomainClassConverter.setApplicationContext(DomainClassConverter.java:109)
	at org.springframework.data.web.config.SpringDataWebConfiguration.addFormatters(SpringDataWebConfiguration.java:130)
	at org.springframework.web.servlet.config.annotation.WebMvcConfigurerComposite.addFormatters(WebMvcConfigurerComposite.java:81)
	at org.springframework.web.servlet.config.annotation.DelegatingWebMvcConfiguration.addFormatters(DelegatingWebMvcConfiguration.java:78)
	at org.springframework.boot.autoconfigure.web.servlet.WebMvcAutoConfiguration$EnableWebMvcConfiguration.mvcConversionService(WebMvcAutoConfiguration.java:435)
	at sun.reflect.NativeMethodAccessorImpl.invoke0(Native Method)
	at sun.reflect.NativeMethodAccessorImpl.invoke(NativeMethodAccessorImpl.java:62)
	at sun.reflect.DelegatingMethodAccessorImpl.invoke(DelegatingMethodAccessorImpl.java:43)
	at java.lang.reflect.Method.invoke(Method.java:498)
	at org.springframework.beans.factory.support.SimpleInstantiationStrategy.instantiate(SimpleInstantiationStrategy.java:154)
	... 99 common frames omitted
Caused by: java.lang.IllegalArgumentException: Did not find a query class com.enterprises.mengal.biltysystem.model.QBilty for domain class com.enterprises.mengal.biltysystem.model.Bilty!
	at org.springframework.data.querydsl.SimpleEntityPathResolver.createPath(SimpleEntityPathResolver.java:78)
	at org.springframework.data.jpa.repository.support.QuerydslJpaPredicateExecutor.<init>(QuerydslJpaPredicateExecutor.java:78)
	at sun.reflect.NativeConstructorAccessorImpl.newInstance0(Native Method)
	at sun.reflect.NativeConstructorAccessorImpl.newInstance(NativeConstructorAccessorImpl.java:62)
	at sun.reflect.DelegatingConstructorAccessorImpl.newInstance(DelegatingConstructorAccessorImpl.java:45)
	at java.lang.reflect.Constructor.newInstance(Constructor.java:423)
	at org.springframework.beans.BeanUtils.instantiateClass(BeanUtils.java:204)
	... 119 common frames omitted
Caused by: java.lang.ClassNotFoundException: com.enterprises.mengal.biltysystem.model.QBilty
	at java.net.URLClassLoader.findClass(URLClassLoader.java:382)
	at java.lang.ClassLoader.loadClass(ClassLoader.java:418)
	at sun.misc.Launcher$AppClassLoader.loadClass(Launcher.java:355)
	at java.lang.ClassLoader.loadClass(ClassLoader.java:351)
	at java.lang.Class.forName0(Native Method)
	at java.lang.Class.forName(Class.java:348)
	at org.springframework.util.ClassUtils.forName(ClassUtils.java:285)
	at org.springframework.data.querydsl.SimpleEntityPathResolver.createPath(SimpleEntityPathResolver.java:71)
	... 125 common frames omitted
2021-08-14 09:41:16,729 Starting BiltysystemApplicationTests on d4756996.federated.fds with PID 14289 (started by arasool in /Users/arasool/myrepos/bilty-system-spring)
2021-08-14 09:41:16,730 The following profiles are active: base
2021-08-14 09:41:17,303 Bootstrapping Spring Data JPA repositories in DEFERRED mode.
2021-08-14 09:41:17,391 Finished Spring Data repository scanning in 77ms. Found 4 JPA repository interfaces.
2021-08-14 09:41:17,923 Initializing ExecutorService 'applicationTaskExecutor'
2021-08-14 09:41:17,987 HHH000204: Processing PersistenceUnitInfo [name: default]
2021-08-14 09:41:18,046 HHH000412: Hibernate ORM core version 5.4.15.Final
2021-08-14 09:41:18,256 HCANN000001: Hibernate Commons Annotations {5.1.0.Final}
2021-08-14 09:41:18,278 spring.jpa.open-in-view is enabled by default. Therefore, database queries may be performed during view rendering. Explicitly configure spring.jpa.open-in-view to disable this warning
2021-08-14 09:41:18,387 HHH000400: Using dialect: org.hibernate.dialect.PostgreSQLDialect
2021-08-14 09:41:18,928 HikariPool-1 - Starting...
2021-08-14 09:41:19,025 HikariPool-1 - Start completed.
2021-08-14 09:41:19,141 HHH000490: Using JtaPlatform implementation: [org.hibernate.engine.transaction.jta.platform.internal.NoJtaPlatform]
2021-08-14 09:41:19,153 Initialized JPA EntityManagerFactory for persistence unit 'default'
2021-08-14 09:41:19,914 Triggering deferred initialization of Spring Data repositories?
2021-08-14 09:41:20,080 Spring Data repositories initialized!
2021-08-14 09:41:20,087 Started BiltysystemApplicationTests in 3.676 seconds (JVM running for 4.561)
2021-08-14 09:41:20,208 Closing JPA EntityManagerFactory for persistence unit 'default'
2021-08-14 09:41:20,210 Shutting down ExecutorService 'applicationTaskExecutor'
2021-08-14 09:41:20,210 HikariPool-1 - Shutdown initiated...
2021-08-14 09:41:20,213 HikariPool-1 - Shutdown completed.
2021-08-14 09:44:09,662 Starting BiltysystemApplicationTests on d4756996.federated.fds with PID 14944 (started by arasool in /Users/arasool/myrepos/bilty-system-spring)
2021-08-14 09:44:09,663 The following profiles are active: base
2021-08-14 09:44:10,304 Bootstrapping Spring Data JPA repositories in DEFERRED mode.
2021-08-14 09:44:10,388 Finished Spring Data repository scanning in 75ms. Found 4 JPA repository interfaces.
2021-08-14 09:44:10,944 Initializing ExecutorService 'applicationTaskExecutor'
2021-08-14 09:44:11,006 HHH000204: Processing PersistenceUnitInfo [name: default]
2021-08-14 09:44:11,059 HHH000412: Hibernate ORM core version 5.4.15.Final
2021-08-14 09:44:11,289 HCANN000001: Hibernate Commons Annotations {5.1.0.Final}
2021-08-14 09:44:11,301 spring.jpa.open-in-view is enabled by default. Therefore, database queries may be performed during view rendering. Explicitly configure spring.jpa.open-in-view to disable this warning
2021-08-14 09:44:11,420 HHH000400: Using dialect: org.hibernate.dialect.PostgreSQLDialect
2021-08-14 09:44:12,012 HikariPool-1 - Starting...
2021-08-14 09:44:12,111 HikariPool-1 - Start completed.
2021-08-14 09:44:12,227 HHH000490: Using JtaPlatform implementation: [org.hibernate.engine.transaction.jta.platform.internal.NoJtaPlatform]
2021-08-14 09:44:12,237 Initialized JPA EntityManagerFactory for persistence unit 'default'
2021-08-14 09:44:13,097 Triggering deferred initialization of Spring Data repositories?
2021-08-14 09:44:13,275 Spring Data repositories initialized!
2021-08-14 09:44:13,294 Started BiltysystemApplicationTests in 3.994 seconds (JVM running for 4.916)
2021-08-14 09:44:13,448 Closing JPA EntityManagerFactory for persistence unit 'default'
2021-08-14 09:44:13,450 Shutting down ExecutorService 'applicationTaskExecutor'
2021-08-14 09:44:13,451 HikariPool-1 - Shutdown initiated...
2021-08-14 09:44:13,454 HikariPool-1 - Shutdown completed.
2021-08-14 09:46:03,084 Starting BiltysystemApplicationTests on d4756996.federated.fds with PID 15319 (started by arasool in /Users/arasool/myrepos/bilty-system-spring)
2021-08-14 09:46:03,085 The following profiles are active: base
2021-08-14 09:46:03,650 Bootstrapping Spring Data JPA repositories in DEFERRED mode.
2021-08-14 09:46:03,735 Finished Spring Data repository scanning in 77ms. Found 4 JPA repository interfaces.
2021-08-14 09:46:04,260 Initializing ExecutorService 'applicationTaskExecutor'
2021-08-14 09:46:04,321 HHH000204: Processing PersistenceUnitInfo [name: default]
2021-08-14 09:46:04,377 HHH000412: Hibernate ORM core version 5.4.15.Final
2021-08-14 09:46:04,584 HCANN000001: Hibernate Commons Annotations {5.1.0.Final}
2021-08-14 09:46:04,599 spring.jpa.open-in-view is enabled by default. Therefore, database queries may be performed during view rendering. Explicitly configure spring.jpa.open-in-view to disable this warning
2021-08-14 09:46:04,713 HHH000400: Using dialect: org.hibernate.dialect.PostgreSQLDialect
2021-08-14 09:46:05,438 HikariPool-1 - Starting...
2021-08-14 09:46:05,556 HikariPool-1 - Start completed.
2021-08-14 09:46:05,698 HHH000490: Using JtaPlatform implementation: [org.hibernate.engine.transaction.jta.platform.internal.NoJtaPlatform]
2021-08-14 09:46:05,712 Initialized JPA EntityManagerFactory for persistence unit 'default'
2021-08-14 09:46:06,663 Triggering deferred initialization of Spring Data repositories?
2021-08-14 09:46:06,859 Spring Data repositories initialized!
2021-08-14 09:46:06,868 Started BiltysystemApplicationTests in 4.092 seconds (JVM running for 5.004)
2021-08-14 09:46:06,996 Closing JPA EntityManagerFactory for persistence unit 'default'
2021-08-14 09:46:06,999 Shutting down ExecutorService 'applicationTaskExecutor'
2021-08-14 09:46:07,002 HikariPool-1 - Shutdown initiated...
2021-08-14 09:46:07,006 HikariPool-1 - Shutdown completed.
