2020-06-21 20:37:54,544 Starting BiltysystemApplication on DESKTOP-ITDU37C with PID 18400 (C:\Users\Ashhad\Downloads\biltysystem\biltysystem\target\classes started by Ashhad in C:\Users\Ashhad\Downloads\biltysystem\biltysystem)
2020-06-21 20:37:54,552 The following profiles are active: base
2020-06-21 20:37:56,649 Bootstrapping Spring Data JPA repositories in DEFERRED mode.
2020-06-21 20:37:56,858 Finished Spring Data repository scanning in 179ms. Found 1 JPA repository interfaces.
2020-06-21 20:37:58,324 Bean 'org.springframework.security.access.expression.method.DefaultMethodSecurityExpressionHandler@3c5dbdf8' of type [org.springframework.security.access.expression.method.DefaultMethodSecurityExpressionHandler] is not eligible for getting processed by all BeanPostProcessors (for example: not eligible for auto-proxying)
2020-06-21 20:37:58,338 Bean 'methodSecurityMetadataSource' of type [org.springframework.security.access.method.DelegatingMethodSecurityMetadataSource] is not eligible for getting processed by all BeanPostProcessors (for example: not eligible for auto-proxying)
2020-06-21 20:37:59,875 Tomcat initialized with port(s): 8082 (http)
2020-06-21 20:37:59,909 Initializing ProtocolHandler ["http-nio-8082"]
2020-06-21 20:37:59,912 Starting service [Tomcat]
2020-06-21 20:37:59,913 Starting Servlet engine: [Apache Tomcat/9.0.36]
2020-06-21 20:38:00,216 Initializing Spring embedded WebApplicationContext
2020-06-21 20:38:00,217 Root WebApplicationContext: initialization completed in 5525 ms
2020-06-21 20:38:00,639 Initializing ExecutorService 'applicationTaskExecutor'
2020-06-21 20:38:00,805 HHH000204: Processing PersistenceUnitInfo [name: default]
2020-06-21 20:38:01,007 spring.jpa.open-in-view is enabled by default. Therefore, database queries may be performed during view rendering. Explicitly configure spring.jpa.open-in-view to disable this warning
2020-06-21 20:38:01,083 HHH000412: Hibernate ORM core version 5.4.17.Final
2020-06-21 20:38:01,083 Exception encountered during context initialization - cancelling refresh attempt: org.springframework.beans.factory.UnsatisfiedDependencyException: Error creating bean with name 'OAuth2ServerConfiguration.AuthorizationServerConfig': Unsatisfied dependency expressed through field 'authenticationManager'; nested exception is org.springframework.beans.factory.UnsatisfiedDependencyException: Error creating bean with name 'webSecurityConfig': Unsatisfied dependency expressed through field 'customUserDetailsService'; nested exception is org.springframework.beans.factory.UnsatisfiedDependencyException: Error creating bean with name 'userService': Unsatisfied dependency expressed through field 'passwordEncoder'; nested exception is org.springframework.beans.factory.NoSuchBeanDefinitionException: No qualifying bean of type 'org.springframework.security.crypto.bcrypt.BCryptPasswordEncoder' available: expected at least 1 bean which qualifies as autowire candidate. Dependency annotations: {@org.springframework.beans.factory.annotation.Autowired(required=true)}
2020-06-21 20:38:01,084 Closing JPA EntityManagerFactory for persistence unit 'default'
2020-06-21 20:38:01,674 HCANN000001: Hibernate Commons Annotations {5.1.0.Final}
2020-06-21 20:38:02,037 HHH000400: Using dialect: org.hibernate.dialect.PostgreSQLDialect
2020-06-21 20:38:03,579 HHH000490: Using JtaPlatform implementation: [org.hibernate.engine.transaction.jta.platform.internal.NoJtaPlatform]
2020-06-21 20:38:03,593 Initialized JPA EntityManagerFactory for persistence unit 'default'
2020-06-21 20:38:03,598 Shutting down ExecutorService 'applicationTaskExecutor'
2020-06-21 20:38:03,602 Stopping service [Tomcat]
2020-06-21 20:38:03,617 

Error starting ApplicationContext. To display the conditions report re-run your application with 'debug' enabled.
2020-06-21 20:38:03,938 

***************************
APPLICATION FAILED TO START
***************************

Description:

Field passwordEncoder in com.enterprises.mengal.biltysystem.service.UserService required a bean of type 'org.springframework.security.crypto.bcrypt.BCryptPasswordEncoder' that could not be found.

The injection point has the following annotations:
	- @org.springframework.beans.factory.annotation.Autowired(required=true)


Action:

Consider defining a bean of type 'org.springframework.security.crypto.bcrypt.BCryptPasswordEncoder' in your configuration.

2020-06-22 06:07:13,380 Starting BiltysystemApplication on SOFY-ZBOOK-G3 with PID 236 (C:\Users\Ashhad\Downloads\biltysystem\biltysystem\target\classes started by Ashhad in C:\Users\Ashhad\Downloads\biltysystem\biltysystem)
2020-06-22 06:07:13,383 The following profiles are active: base
2020-06-22 06:07:14,629 Bootstrapping Spring Data JPA repositories in DEFERRED mode.
2020-06-22 06:07:14,729 Finished Spring Data repository scanning in 88ms. Found 3 JPA repository interfaces.
2020-06-22 06:07:16,305 Tomcat initialized with port(s): 8082 (http)
2020-06-22 06:07:16,320 Initializing ProtocolHandler ["http-nio-8082"]
2020-06-22 06:07:16,322 Starting service [Tomcat]
2020-06-22 06:07:16,322 Starting Servlet engine: [Apache Tomcat/9.0.36]
2020-06-22 06:07:16,514 Initializing Spring embedded WebApplicationContext
2020-06-22 06:07:16,514 Root WebApplicationContext: initialization completed in 3053 ms
2020-06-22 06:07:16,824 Initializing ExecutorService 'applicationTaskExecutor'
2020-06-22 06:07:16,928 HHH000204: Processing PersistenceUnitInfo [name: default]
2020-06-22 06:07:16,956 spring.jpa.open-in-view is enabled by default. Therefore, database queries may be performed during view rendering. Explicitly configure spring.jpa.open-in-view to disable this warning
2020-06-22 06:07:17,144 HHH000412: Hibernate ORM core version 5.4.17.Final
2020-06-22 06:07:17,515 HCANN000001: Hibernate Commons Annotations {5.1.0.Final}
2020-06-22 06:07:17,778 

Using generated security password: 7664bbe7-c83c-49f3-94d6-6b3e9ef9c722

2020-06-22 06:07:17,826 HHH000400: Using dialect: org.hibernate.dialect.PostgreSQLDialect
2020-06-22 06:07:18,032 Creating filter chain: any request, [org.springframework.security.web.context.request.async.WebAsyncManagerIntegrationFilter@73bb1337, org.springframework.security.web.context.SecurityContextPersistenceFilter@4c319d52, org.springframework.security.web.header.HeaderWriterFilter@1a531422, org.springframework.security.web.csrf.CsrfFilter@61037caf, org.springframework.security.web.authentication.logout.LogoutFilter@be164d8, org.springframework.security.web.authentication.UsernamePasswordAuthenticationFilter@5db948c9, org.springframework.security.web.authentication.ui.DefaultLoginPageGeneratingFilter@790d8fdd, org.springframework.security.web.authentication.ui.DefaultLogoutPageGeneratingFilter@685f5d0d, org.springframework.security.web.authentication.www.BasicAuthenticationFilter@7d1c164a, org.springframework.security.web.savedrequest.RequestCacheAwareFilter@6839203b, org.springframework.security.web.servletapi.SecurityContextHolderAwareRequestFilter@101cf747, org.springframework.security.web.authentication.AnonymousAuthenticationFilter@3830b06c, org.springframework.security.web.session.SessionManagementFilter@13213f26, org.springframework.security.web.access.ExceptionTranslationFilter@21390938, org.springframework.security.web.access.intercept.FilterSecurityInterceptor@329dc214]
2020-06-22 06:07:18,085 Starting ProtocolHandler ["http-nio-8082"]
2020-06-22 06:07:18,135 Tomcat started on port(s): 8082 (http) with context path ''
2020-06-22 06:07:18,138 Triggering deferred initialization of Spring Data repositories…
2020-06-22 06:07:19,143 HikariPool-1 - Starting...
2020-06-22 06:07:19,327 HikariPool-1 - Start completed.
2020-06-22 06:07:19,450 HHH000490: Using JtaPlatform implementation: [org.hibernate.engine.transaction.jta.platform.internal.NoJtaPlatform]
2020-06-22 06:07:19,463 Initialized JPA EntityManagerFactory for persistence unit 'default'
2020-06-22 06:07:19,654 Exception encountered during context initialization - cancelling refresh attempt: org.springframework.beans.factory.BeanCreationException: Error creating bean with name 'biltyRepo': FactoryBean threw exception on object creation; nested exception is java.lang.IllegalArgumentException: Not a managed type: class com.enterprises.mengal.biltysystem.model.Bilty
2020-06-22 06:07:19,660 Closing JPA EntityManagerFactory for persistence unit 'default'
2020-06-22 06:07:19,666 Shutting down ExecutorService 'applicationTaskExecutor'
2020-06-22 06:07:19,669 HikariPool-1 - Shutdown initiated...
2020-06-22 06:07:19,709 HikariPool-1 - Shutdown completed.
2020-06-22 06:07:19,713 Pausing ProtocolHandler ["http-nio-8082"]
2020-06-22 06:07:20,021 Stopping service [Tomcat]
2020-06-22 06:07:20,026 Stopping ProtocolHandler ["http-nio-8082"]
2020-06-22 06:07:20,031 Destroying ProtocolHandler ["http-nio-8082"]
2020-06-22 06:07:20,041 

Error starting ApplicationContext. To display the conditions report re-run your application with 'debug' enabled.
2020-06-22 06:07:20,045 Application run failed
org.springframework.beans.factory.BeanCreationException: Error creating bean with name 'biltyRepo': FactoryBean threw exception on object creation; nested exception is java.lang.IllegalArgumentException: Not a managed type: class com.enterprises.mengal.biltysystem.model.Bilty
	at org.springframework.beans.factory.support.FactoryBeanRegistrySupport.doGetObjectFromFactoryBean(FactoryBeanRegistrySupport.java:178)
	at org.springframework.beans.factory.support.FactoryBeanRegistrySupport.getObjectFromFactoryBean(FactoryBeanRegistrySupport.java:101)
	at org.springframework.beans.factory.support.AbstractBeanFactory.getObjectForBeanInstance(AbstractBeanFactory.java:1821)
	at org.springframework.beans.factory.support.AbstractAutowireCapableBeanFactory.getObjectForBeanInstance(AbstractAutowireCapableBeanFactory.java:1266)
	at org.springframework.beans.factory.support.AbstractBeanFactory.doGetBean(AbstractBeanFactory.java:333)
	at org.springframework.beans.factory.support.AbstractBeanFactory.getBean(AbstractBeanFactory.java:202)
	at org.springframework.beans.factory.support.DefaultListableBeanFactory.getBeansOfType(DefaultListableBeanFactory.java:621)
	at org.springframework.beans.factory.support.DefaultListableBeanFactory.getBeansOfType(DefaultListableBeanFactory.java:609)
	at org.springframework.data.repository.config.DeferredRepositoryInitializationListener.onApplicationEvent(DeferredRepositoryInitializationListener.java:51)
	at org.springframework.data.repository.config.DeferredRepositoryInitializationListener.onApplicationEvent(DeferredRepositoryInitializationListener.java:36)
	at org.springframework.context.event.SimpleApplicationEventMulticaster.doInvokeListener(SimpleApplicationEventMulticaster.java:172)
	at org.springframework.context.event.SimpleApplicationEventMulticaster.invokeListener(SimpleApplicationEventMulticaster.java:165)
	at org.springframework.context.event.SimpleApplicationEventMulticaster.multicastEvent(SimpleApplicationEventMulticaster.java:139)
	at org.springframework.context.support.AbstractApplicationContext.publishEvent(AbstractApplicationContext.java:404)
	at org.springframework.context.support.AbstractApplicationContext.publishEvent(AbstractApplicationContext.java:361)
	at org.springframework.context.support.AbstractApplicationContext.finishRefresh(AbstractApplicationContext.java:898)
	at org.springframework.context.support.AbstractApplicationContext.refresh(AbstractApplicationContext.java:554)
	at org.springframework.boot.web.servlet.context.ServletWebServerApplicationContext.refresh(ServletWebServerApplicationContext.java:143)
	at org.springframework.boot.SpringApplication.refresh(SpringApplication.java:758)
	at org.springframework.boot.SpringApplication.refresh(SpringApplication.java:750)
	at org.springframework.boot.SpringApplication.refreshContext(SpringApplication.java:397)
	at org.springframework.boot.SpringApplication.run(SpringApplication.java:315)
	at org.springframework.boot.SpringApplication.run(SpringApplication.java:1237)
	at org.springframework.boot.SpringApplication.run(SpringApplication.java:1226)
	at com.enterprises.mengal.biltysystem.BiltysystemApplication.main(BiltysystemApplication.java:10)
Caused by: java.lang.IllegalArgumentException: Not a managed type: class com.enterprises.mengal.biltysystem.model.Bilty
	at org.hibernate.metamodel.internal.MetamodelImpl.managedType(MetamodelImpl.java:582)
	at org.hibernate.metamodel.internal.MetamodelImpl.managedType(MetamodelImpl.java:85)
	at org.springframework.data.jpa.repository.support.JpaMetamodelEntityInformation.<init>(JpaMetamodelEntityInformation.java:75)
	at org.springframework.data.jpa.repository.support.JpaEntityInformationSupport.getEntityInformation(JpaEntityInformationSupport.java:66)
	at org.springframework.data.jpa.repository.support.JpaRepositoryFactory.getEntityInformation(JpaRepositoryFactory.java:229)
	at org.springframework.data.jpa.repository.support.JpaRepositoryFactory.getTargetRepository(JpaRepositoryFactory.java:179)
	at org.springframework.data.jpa.repository.support.JpaRepositoryFactory.getTargetRepository(JpaRepositoryFactory.java:162)
	at org.springframework.data.jpa.repository.support.JpaRepositoryFactory.getTargetRepository(JpaRepositoryFactory.java:72)
	at org.springframework.data.repository.core.support.RepositoryFactorySupport.getRepository(RepositoryFactorySupport.java:309)
	at org.springframework.data.repository.core.support.RepositoryFactoryBeanSupport.lambda$afterPropertiesSet$5(RepositoryFactoryBeanSupport.java:297)
	at org.springframework.data.util.Lazy.getNullable(Lazy.java:212)
	at org.springframework.data.util.Lazy.get(Lazy.java:94)
	at org.springframework.data.repository.core.support.RepositoryFactoryBeanSupport.getObject(RepositoryFactoryBeanSupport.java:244)
	at org.springframework.data.repository.core.support.RepositoryFactoryBeanSupport.getObject(RepositoryFactoryBeanSupport.java:57)
	at org.springframework.beans.factory.support.FactoryBeanRegistrySupport.doGetObjectFromFactoryBean(FactoryBeanRegistrySupport.java:171)
	... 24 common frames omitted
2020-06-22 06:10:11,266 Starting BiltysystemApplication on SOFY-ZBOOK-G3 with PID 5752 (C:\Users\Ashhad\Downloads\biltysystem\biltysystem\target\classes started by Ashhad in C:\Users\Ashhad\Downloads\biltysystem\biltysystem)
2020-06-22 06:10:11,270 The following profiles are active: base
2020-06-22 06:10:12,656 Bootstrapping Spring Data JPA repositories in DEFERRED mode.
2020-06-22 06:10:12,755 Finished Spring Data repository scanning in 84ms. Found 3 JPA repository interfaces.
2020-06-22 06:10:14,324 Tomcat initialized with port(s): 8082 (http)
2020-06-22 06:10:14,342 Initializing ProtocolHandler ["http-nio-8082"]
2020-06-22 06:10:14,344 Starting service [Tomcat]
2020-06-22 06:10:14,345 Starting Servlet engine: [Apache Tomcat/9.0.36]
2020-06-22 06:10:14,538 Initializing Spring embedded WebApplicationContext
2020-06-22 06:10:14,538 Root WebApplicationContext: initialization completed in 3153 ms
2020-06-22 06:10:14,903 Initializing ExecutorService 'applicationTaskExecutor'
2020-06-22 06:10:15,012 HHH000204: Processing PersistenceUnitInfo [name: default]
2020-06-22 06:10:15,051 spring.jpa.open-in-view is enabled by default. Therefore, database queries may be performed during view rendering. Explicitly configure spring.jpa.open-in-view to disable this warning
2020-06-22 06:10:15,240 HHH000412: Hibernate ORM core version 5.4.17.Final
2020-06-22 06:10:15,587 HCANN000001: Hibernate Commons Annotations {5.1.0.Final}
2020-06-22 06:10:15,898 HHH000400: Using dialect: org.hibernate.dialect.PostgreSQLDialect
2020-06-22 06:10:15,899 

Using generated security password: be5401e5-afeb-4e4c-bca8-6e986d452d09

2020-06-22 06:10:16,148 Creating filter chain: any request, [org.springframework.security.web.context.request.async.WebAsyncManagerIntegrationFilter@23444a36, org.springframework.security.web.context.SecurityContextPersistenceFilter@e91af20, org.springframework.security.web.header.HeaderWriterFilter@f723cdb, org.springframework.security.web.csrf.CsrfFilter@38883a31, org.springframework.security.web.authentication.logout.LogoutFilter@d5e575c, org.springframework.security.web.authentication.UsernamePasswordAuthenticationFilter@51ff3c4b, org.springframework.security.web.authentication.ui.DefaultLoginPageGeneratingFilter@38029686, org.springframework.security.web.authentication.ui.DefaultLogoutPageGeneratingFilter@31a136a6, org.springframework.security.web.authentication.www.BasicAuthenticationFilter@12fcb2c3, org.springframework.security.web.savedrequest.RequestCacheAwareFilter@62c3f556, org.springframework.security.web.servletapi.SecurityContextHolderAwareRequestFilter@380ce5a3, org.springframework.security.web.authentication.AnonymousAuthenticationFilter@30a9e3db, org.springframework.security.web.session.SessionManagementFilter@11f23203, org.springframework.security.web.access.ExceptionTranslationFilter@72557746, org.springframework.security.web.access.intercept.FilterSecurityInterceptor@47a4eee2]
2020-06-22 06:10:16,201 Starting ProtocolHandler ["http-nio-8082"]
2020-06-22 06:10:16,251 Tomcat started on port(s): 8082 (http) with context path ''
2020-06-22 06:10:16,254 Triggering deferred initialization of Spring Data repositories…
2020-06-22 06:10:17,069 HikariPool-1 - Starting...
2020-06-22 06:10:17,211 HikariPool-1 - Start completed.
2020-06-22 06:10:17,254 HHH000490: Using JtaPlatform implementation: [org.hibernate.engine.transaction.jta.platform.internal.NoJtaPlatform]
2020-06-22 06:10:17,269 Initialized JPA EntityManagerFactory for persistence unit 'default'
2020-06-22 06:10:17,636 Exception encountered during context initialization - cancelling refresh attempt: org.springframework.beans.factory.BeanCreationException: Error creating bean with name 'biltyRepo': FactoryBean threw exception on object creation; nested exception is java.lang.IllegalArgumentException: Not a managed type: class com.enterprises.mengal.biltysystem.model.Bilty
2020-06-22 06:10:17,638 Closing JPA EntityManagerFactory for persistence unit 'default'
2020-06-22 06:10:17,643 Shutting down ExecutorService 'applicationTaskExecutor'
2020-06-22 06:10:17,645 HikariPool-1 - Shutdown initiated...
2020-06-22 06:10:17,667 HikariPool-1 - Shutdown completed.
2020-06-22 06:10:17,671 Pausing ProtocolHandler ["http-nio-8082"]
2020-06-22 06:10:18,013 Stopping service [Tomcat]
2020-06-22 06:10:18,019 Stopping ProtocolHandler ["http-nio-8082"]
2020-06-22 06:10:18,025 Destroying ProtocolHandler ["http-nio-8082"]
2020-06-22 06:10:18,034 

Error starting ApplicationContext. To display the conditions report re-run your application with 'debug' enabled.
2020-06-22 06:10:18,042 Application run failed
org.springframework.beans.factory.BeanCreationException: Error creating bean with name 'biltyRepo': FactoryBean threw exception on object creation; nested exception is java.lang.IllegalArgumentException: Not a managed type: class com.enterprises.mengal.biltysystem.model.Bilty
	at org.springframework.beans.factory.support.FactoryBeanRegistrySupport.doGetObjectFromFactoryBean(FactoryBeanRegistrySupport.java:178)
	at org.springframework.beans.factory.support.FactoryBeanRegistrySupport.getObjectFromFactoryBean(FactoryBeanRegistrySupport.java:101)
	at org.springframework.beans.factory.support.AbstractBeanFactory.getObjectForBeanInstance(AbstractBeanFactory.java:1821)
	at org.springframework.beans.factory.support.AbstractAutowireCapableBeanFactory.getObjectForBeanInstance(AbstractAutowireCapableBeanFactory.java:1266)
	at org.springframework.beans.factory.support.AbstractBeanFactory.doGetBean(AbstractBeanFactory.java:333)
	at org.springframework.beans.factory.support.AbstractBeanFactory.getBean(AbstractBeanFactory.java:202)
	at org.springframework.beans.factory.support.DefaultListableBeanFactory.getBeansOfType(DefaultListableBeanFactory.java:621)
	at org.springframework.beans.factory.support.DefaultListableBeanFactory.getBeansOfType(DefaultListableBeanFactory.java:609)
	at org.springframework.data.repository.config.DeferredRepositoryInitializationListener.onApplicationEvent(DeferredRepositoryInitializationListener.java:51)
	at org.springframework.data.repository.config.DeferredRepositoryInitializationListener.onApplicationEvent(DeferredRepositoryInitializationListener.java:36)
	at org.springframework.context.event.SimpleApplicationEventMulticaster.doInvokeListener(SimpleApplicationEventMulticaster.java:172)
	at org.springframework.context.event.SimpleApplicationEventMulticaster.invokeListener(SimpleApplicationEventMulticaster.java:165)
	at org.springframework.context.event.SimpleApplicationEventMulticaster.multicastEvent(SimpleApplicationEventMulticaster.java:139)
	at org.springframework.context.support.AbstractApplicationContext.publishEvent(AbstractApplicationContext.java:404)
	at org.springframework.context.support.AbstractApplicationContext.publishEvent(AbstractApplicationContext.java:361)
	at org.springframework.context.support.AbstractApplicationContext.finishRefresh(AbstractApplicationContext.java:898)
	at org.springframework.context.support.AbstractApplicationContext.refresh(AbstractApplicationContext.java:554)
	at org.springframework.boot.web.servlet.context.ServletWebServerApplicationContext.refresh(ServletWebServerApplicationContext.java:143)
	at org.springframework.boot.SpringApplication.refresh(SpringApplication.java:758)
	at org.springframework.boot.SpringApplication.refresh(SpringApplication.java:750)
	at org.springframework.boot.SpringApplication.refreshContext(SpringApplication.java:397)
	at org.springframework.boot.SpringApplication.run(SpringApplication.java:315)
	at org.springframework.boot.SpringApplication.run(SpringApplication.java:1237)
	at org.springframework.boot.SpringApplication.run(SpringApplication.java:1226)
	at com.enterprises.mengal.biltysystem.BiltysystemApplication.main(BiltysystemApplication.java:10)
Caused by: java.lang.IllegalArgumentException: Not a managed type: class com.enterprises.mengal.biltysystem.model.Bilty
	at org.hibernate.metamodel.internal.MetamodelImpl.managedType(MetamodelImpl.java:582)
	at org.hibernate.metamodel.internal.MetamodelImpl.managedType(MetamodelImpl.java:85)
	at org.springframework.data.jpa.repository.support.JpaMetamodelEntityInformation.<init>(JpaMetamodelEntityInformation.java:75)
	at org.springframework.data.jpa.repository.support.JpaEntityInformationSupport.getEntityInformation(JpaEntityInformationSupport.java:66)
	at org.springframework.data.jpa.repository.support.JpaRepositoryFactory.getEntityInformation(JpaRepositoryFactory.java:229)
	at org.springframework.data.jpa.repository.support.JpaRepositoryFactory.getTargetRepository(JpaRepositoryFactory.java:179)
	at org.springframework.data.jpa.repository.support.JpaRepositoryFactory.getTargetRepository(JpaRepositoryFactory.java:162)
	at org.springframework.data.jpa.repository.support.JpaRepositoryFactory.getTargetRepository(JpaRepositoryFactory.java:72)
	at org.springframework.data.repository.core.support.RepositoryFactorySupport.getRepository(RepositoryFactorySupport.java:309)
	at org.springframework.data.repository.core.support.RepositoryFactoryBeanSupport.lambda$afterPropertiesSet$5(RepositoryFactoryBeanSupport.java:297)
	at org.springframework.data.util.Lazy.getNullable(Lazy.java:212)
	at org.springframework.data.util.Lazy.get(Lazy.java:94)
	at org.springframework.data.repository.core.support.RepositoryFactoryBeanSupport.getObject(RepositoryFactoryBeanSupport.java:244)
	at org.springframework.data.repository.core.support.RepositoryFactoryBeanSupport.getObject(RepositoryFactoryBeanSupport.java:57)
	at org.springframework.beans.factory.support.FactoryBeanRegistrySupport.doGetObjectFromFactoryBean(FactoryBeanRegistrySupport.java:171)
	... 24 common frames omitted
