2020-07-19 10:24:32,914 Starting BiltysystemApplication on SOFY-ZBOOK-G3 with PID 8528 (C:\Users\Ashhad\Downloads\biltysystem\biltysystem\target\classes started by Ashhad in C:\Users\Ashhad\Downloads\biltysystem\biltysystem)
2020-07-19 10:24:32,922 The following profiles are active: base
2020-07-19 10:24:34,098 Bootstrapping Spring Data JPA repositories in DEFERRED mode.
2020-07-19 10:24:34,226 Finished Spring Data repository scanning in 108ms. Found 3 JPA repository interfaces.
2020-07-19 10:24:35,683 Tomcat initialized with port(s): 8082 (http)
2020-07-19 10:24:35,703 Initializing ProtocolHandler ["http-nio-8082"]
2020-07-19 10:24:35,707 Starting service [Tomcat]
2020-07-19 10:24:35,707 Starting Servlet engine: [Apache Tomcat/9.0.36]
2020-07-19 10:24:35,871 Initializing Spring embedded WebApplicationContext
2020-07-19 10:24:35,875 Root WebApplicationContext: initialization completed in 2853 ms
2020-07-19 10:24:36,203 Initializing ExecutorService 'applicationTaskExecutor'
2020-07-19 10:24:36,294 HHH000204: Processing PersistenceUnitInfo [name: default]
2020-07-19 10:24:36,374 spring.jpa.open-in-view is enabled by default. Therefore, database queries may be performed during view rendering. Explicitly configure spring.jpa.open-in-view to disable this warning
2020-07-19 10:24:36,602 HHH000412: Hibernate ORM core version 5.4.17.Final
2020-07-19 10:24:36,970 HCANN000001: Hibernate Commons Annotations {5.1.0.Final}
2020-07-19 10:24:37,077 Starting ProtocolHandler ["http-nio-8082"]
2020-07-19 10:24:37,129 Tomcat started on port(s): 8082 (http) with context path ''
2020-07-19 10:24:37,133 Triggering deferred initialization of Spring Data repositories…
2020-07-19 10:24:37,281 HHH000400: Using dialect: org.hibernate.dialect.PostgreSQLDialect
2020-07-19 10:24:38,393 HikariPool-1 - Starting...
2020-07-19 10:24:38,545 HikariPool-1 - Start completed.
2020-07-19 10:24:38,609 HHH000490: Using JtaPlatform implementation: [org.hibernate.engine.transaction.jta.platform.internal.NoJtaPlatform]
2020-07-19 10:24:38,621 Initialized JPA EntityManagerFactory for persistence unit 'default'
2020-07-19 10:24:39,308 Spring Data repositories initialized!
2020-07-19 10:24:39,322 Started BiltysystemApplication in 7.292 seconds (JVM running for 8.949)
2020-07-19 10:45:20,215 Initializing Spring DispatcherServlet 'dispatcherServlet'
2020-07-19 10:45:20,215 Initializing Servlet 'dispatcherServlet'
2020-07-19 10:45:20,235 Completed initialization in 20 ms
2020-07-19 15:20:02,574 HikariPool-1 - Thread starvation or clock leap detected (housekeeper delta=4h7m23s23ms371µs600ns).
2020-07-19 17:03:32,533 Closing JPA EntityManagerFactory for persistence unit 'default'
2020-07-19 17:03:32,556 Shutting down ExecutorService 'applicationTaskExecutor'
2020-07-19 17:03:32,558 HikariPool-1 - Shutdown initiated...
2020-07-19 17:03:32,567 HikariPool-1 - Shutdown completed.
2020-07-19 17:03:38,520 Starting BiltysystemApplication on SOFY-ZBOOK-G3 with PID 4912 (C:\Users\Ashhad\Downloads\biltysystem\biltysystem\target\classes started by Ashhad in C:\Users\Ashhad\Downloads\biltysystem\biltysystem)
2020-07-19 17:03:38,529 The following profiles are active: base
2020-07-19 17:03:39,897 Bootstrapping Spring Data JPA repositories in DEFERRED mode.
2020-07-19 17:03:40,014 Finished Spring Data repository scanning in 103ms. Found 3 JPA repository interfaces.
2020-07-19 17:03:41,562 Tomcat initialized with port(s): 8082 (http)
2020-07-19 17:03:41,578 Initializing ProtocolHandler ["http-nio-8082"]
2020-07-19 17:03:41,579 Starting service [Tomcat]
2020-07-19 17:03:41,579 Starting Servlet engine: [Apache Tomcat/9.0.36]
2020-07-19 17:03:41,748 Initializing Spring embedded WebApplicationContext
2020-07-19 17:03:41,748 Root WebApplicationContext: initialization completed in 3128 ms
2020-07-19 17:03:42,091 Initializing ExecutorService 'applicationTaskExecutor'
2020-07-19 17:03:42,196 HHH000204: Processing PersistenceUnitInfo [name: default]
2020-07-19 17:03:42,291 spring.jpa.open-in-view is enabled by default. Therefore, database queries may be performed during view rendering. Explicitly configure spring.jpa.open-in-view to disable this warning
2020-07-19 17:03:42,508 HHH000412: Hibernate ORM core version 5.4.17.Final
2020-07-19 17:03:42,881 HCANN000001: Hibernate Commons Annotations {5.1.0.Final}
2020-07-19 17:03:43,184 Starting ProtocolHandler ["http-nio-8082"]
2020-07-19 17:03:43,278 Tomcat started on port(s): 8082 (http) with context path ''
2020-07-19 17:03:43,281 Triggering deferred initialization of Spring Data repositories…
2020-07-19 17:03:43,460 HHH000400: Using dialect: org.hibernate.dialect.PostgreSQLDialect
2020-07-19 17:03:45,352 HikariPool-1 - Starting...
2020-07-19 17:03:45,609 HikariPool-1 - Start completed.
2020-07-19 17:03:45,683 HHH000490: Using JtaPlatform implementation: [org.hibernate.engine.transaction.jta.platform.internal.NoJtaPlatform]
2020-07-19 17:03:45,699 Initialized JPA EntityManagerFactory for persistence unit 'default'
2020-07-19 17:03:46,557 Spring Data repositories initialized!
2020-07-19 17:03:46,571 Started BiltysystemApplication in 9.435 seconds (JVM running for 10.412)
2020-07-19 17:05:04,561 Initializing Spring DispatcherServlet 'dispatcherServlet'
2020-07-19 17:05:04,562 Initializing Servlet 'dispatcherServlet'
2020-07-19 17:05:04,582 Completed initialization in 20 ms
2020-07-19 17:27:46,729 Closing JPA EntityManagerFactory for persistence unit 'default'
2020-07-19 17:27:46,736 Shutting down ExecutorService 'applicationTaskExecutor'
2020-07-19 17:27:46,737 HikariPool-1 - Shutdown initiated...
2020-07-19 17:27:46,755 HikariPool-1 - Shutdown completed.
2020-07-19 17:27:52,266 Starting BiltysystemApplication on SOFY-ZBOOK-G3 with PID 232 (C:\Users\Ashhad\Downloads\biltysystem\biltysystem\target\classes started by Ashhad in C:\Users\Ashhad\Downloads\biltysystem\biltysystem)
2020-07-19 17:27:52,270 The following profiles are active: base
2020-07-19 17:27:53,640 Bootstrapping Spring Data JPA repositories in DEFERRED mode.
2020-07-19 17:27:53,744 Finished Spring Data repository scanning in 91ms. Found 3 JPA repository interfaces.
2020-07-19 17:27:56,768 Tomcat initialized with port(s): 8082 (http)
2020-07-19 17:27:56,804 Initializing ProtocolHandler ["http-nio-8082"]
2020-07-19 17:27:56,807 Starting service [Tomcat]
2020-07-19 17:27:56,808 Starting Servlet engine: [Apache Tomcat/9.0.36]
2020-07-19 17:27:57,213 Initializing Spring embedded WebApplicationContext
2020-07-19 17:27:57,215 Root WebApplicationContext: initialization completed in 4833 ms
2020-07-19 17:27:57,908 Initializing ExecutorService 'applicationTaskExecutor'
2020-07-19 17:27:58,068 HHH000204: Processing PersistenceUnitInfo [name: default]
2020-07-19 17:27:58,152 spring.jpa.open-in-view is enabled by default. Therefore, database queries may be performed during view rendering. Explicitly configure spring.jpa.open-in-view to disable this warning
2020-07-19 17:27:58,485 HHH000412: Hibernate ORM core version 5.4.17.Final
2020-07-19 17:27:59,320 HCANN000001: Hibernate Commons Annotations {5.1.0.Final}
2020-07-19 17:27:59,817 Starting ProtocolHandler ["http-nio-8082"]
2020-07-19 17:27:59,887 Tomcat started on port(s): 8082 (http) with context path ''
2020-07-19 17:27:59,891 Triggering deferred initialization of Spring Data repositories…
2020-07-19 17:27:59,918 HHH000400: Using dialect: org.hibernate.dialect.PostgreSQLDialect
2020-07-19 17:28:02,032 HikariPool-1 - Starting...
2020-07-19 17:28:02,178 HikariPool-1 - Start completed.
2020-07-19 17:28:02,235 HHH000490: Using JtaPlatform implementation: [org.hibernate.engine.transaction.jta.platform.internal.NoJtaPlatform]
2020-07-19 17:28:02,250 Initialized JPA EntityManagerFactory for persistence unit 'default'
2020-07-19 17:28:02,911 Spring Data repositories initialized!
2020-07-19 17:28:02,923 Started BiltysystemApplication in 11.579 seconds (JVM running for 12.461)
2020-07-19 17:56:28,039 Closing JPA EntityManagerFactory for persistence unit 'default'
2020-07-19 17:56:28,074 Shutting down ExecutorService 'applicationTaskExecutor'
2020-07-19 17:56:28,076 HikariPool-1 - Shutdown initiated...
2020-07-19 17:56:28,106 HikariPool-1 - Shutdown completed.
