2020-07-05 13:11:07,837 Starting BiltysystemApplication on SOFY-ZBOOK-G3 with PID 17076 (C:\Users\Ashhad\Downloads\biltysystem\biltysystem\target\classes started by Ashhad in C:\Users\Ashhad\Downloads\biltysystem\biltysystem)
2020-07-05 13:11:07,845 The following profiles are active: base
2020-07-05 13:11:09,316 Bootstrapping Spring Data JPA repositories in DEFERRED mode.
2020-07-05 13:11:09,505 Finished Spring Data repository scanning in 173ms. Found 3 JPA repository interfaces.
2020-07-05 13:11:11,081 Tomcat initialized with port(s): 8082 (http)
2020-07-05 13:11:11,101 Initializing ProtocolHandler ["http-nio-8082"]
2020-07-05 13:11:11,102 Starting service [Tomcat]
2020-07-05 13:11:11,102 Starting Servlet engine: [Apache Tomcat/9.0.36]
2020-07-05 13:11:11,325 Initializing Spring embedded WebApplicationContext
2020-07-05 13:11:11,325 Root WebApplicationContext: initialization completed in 3370 ms
2020-07-05 13:11:11,647 Initializing ExecutorService 'applicationTaskExecutor'
2020-07-05 13:11:11,740 HHH000204: Processing PersistenceUnitInfo [name: default]
2020-07-05 13:11:11,807 spring.jpa.open-in-view is enabled by default. Therefore, database queries may be performed during view rendering. Explicitly configure spring.jpa.open-in-view to disable this warning
2020-07-05 13:11:12,038 HHH000412: Hibernate ORM core version 5.4.17.Final
2020-07-05 13:11:12,622 HCANN000001: Hibernate Commons Annotations {5.1.0.Final}
2020-07-05 13:11:12,919 Starting ProtocolHandler ["http-nio-8082"]
2020-07-05 13:11:12,987 Tomcat started on port(s): 8082 (http) with context path ''
2020-07-05 13:11:12,991 Triggering deferred initialization of Spring Data repositories…
2020-07-05 13:11:13,098 HHH000400: Using dialect: org.hibernate.dialect.PostgreSQLDialect
2020-07-05 13:11:14,742 HikariPool-1 - Starting...
2020-07-05 13:11:14,990 HikariPool-1 - Start completed.
2020-07-05 13:11:15,162 HHH000490: Using JtaPlatform implementation: [org.hibernate.engine.transaction.jta.platform.internal.NoJtaPlatform]
2020-07-05 13:11:15,181 Initialized JPA EntityManagerFactory for persistence unit 'default'
2020-07-05 13:11:15,802 Spring Data repositories initialized!
2020-07-05 13:11:15,814 Started BiltysystemApplication in 9.164 seconds (JVM running for 11.204)
2020-07-05 13:28:30,299 Closing JPA EntityManagerFactory for persistence unit 'default'
2020-07-05 13:28:30,306 Shutting down ExecutorService 'applicationTaskExecutor'
2020-07-05 13:28:30,307 HikariPool-1 - Shutdown initiated...
2020-07-05 13:28:30,350 HikariPool-1 - Shutdown completed.
2020-07-05 13:31:20,553 Starting BiltysystemApplication on SOFY-ZBOOK-G3 with PID 20668 (C:\Users\Ashhad\Downloads\biltysystem\biltysystem\target\classes started by Ashhad in C:\Users\Ashhad\Downloads\biltysystem\biltysystem)
2020-07-05 13:31:20,569 The following profiles are active: base
2020-07-05 13:31:23,187 Bootstrapping Spring Data JPA repositories in DEFERRED mode.
2020-07-05 13:31:23,365 Finished Spring Data repository scanning in 156ms. Found 3 JPA repository interfaces.
2020-07-05 13:31:26,254 Tomcat initialized with port(s): 8082 (http)
2020-07-05 13:31:26,282 Initializing ProtocolHandler ["http-nio-8082"]
2020-07-05 13:31:26,282 Starting service [Tomcat]
2020-07-05 13:31:26,282 Starting Servlet engine: [Apache Tomcat/9.0.36]
2020-07-05 13:31:26,508 Initializing Spring embedded WebApplicationContext
2020-07-05 13:31:26,508 Root WebApplicationContext: initialization completed in 5750 ms
2020-07-05 13:31:27,032 Initializing ExecutorService 'applicationTaskExecutor'
2020-07-05 13:31:27,234 HHH000204: Processing PersistenceUnitInfo [name: default]
2020-07-05 13:31:27,378 spring.jpa.open-in-view is enabled by default. Therefore, database queries may be performed during view rendering. Explicitly configure spring.jpa.open-in-view to disable this warning
2020-07-05 13:31:27,536 HHH000412: Hibernate ORM core version 5.4.17.Final
2020-07-05 13:31:28,494 HCANN000001: Hibernate Commons Annotations {5.1.0.Final}
2020-07-05 13:31:29,023 Starting ProtocolHandler ["http-nio-8082"]
2020-07-05 13:31:29,105 HHH000400: Using dialect: org.hibernate.dialect.PostgreSQLDialect
2020-07-05 13:31:29,128 Tomcat started on port(s): 8082 (http) with context path ''
2020-07-05 13:31:29,132 Triggering deferred initialization of Spring Data repositories…
2020-07-05 13:31:31,111 HikariPool-1 - Starting...
2020-07-05 13:31:31,422 HikariPool-1 - Start completed.
2020-07-05 13:31:31,555 HHH000490: Using JtaPlatform implementation: [org.hibernate.engine.transaction.jta.platform.internal.NoJtaPlatform]
2020-07-05 13:31:31,577 Initialized JPA EntityManagerFactory for persistence unit 'default'
2020-07-05 13:31:32,434 Exception encountered during context initialization - cancelling refresh attempt: org.springframework.beans.factory.BeanCreationException: Error creating bean with name 'codeRepo': FactoryBean threw exception on object creation; nested exception is java.lang.IllegalArgumentException: Failed to create query for method public abstract java.util.List com.enterprises.mengal.biltysystem.repository.CodeRepo.findAllByTypeAndActiveIndicator(java.lang.String,boolean)! Unable to locate Attribute  with the the given name [activeIndicator] on this ManagedType [com.enterprises.mengal.biltysystem.model.Code]
2020-07-05 13:31:32,435 Closing JPA EntityManagerFactory for persistence unit 'default'
2020-07-05 13:31:32,439 Shutting down ExecutorService 'applicationTaskExecutor'
2020-07-05 13:31:32,440 HikariPool-1 - Shutdown initiated...
2020-07-05 13:31:32,458 HikariPool-1 - Shutdown completed.
2020-07-05 13:31:32,463 Pausing ProtocolHandler ["http-nio-8082"]
2020-07-05 13:31:32,923 Stopping service [Tomcat]
2020-07-05 13:31:32,934 Stopping ProtocolHandler ["http-nio-8082"]
2020-07-05 13:31:32,943 Destroying ProtocolHandler ["http-nio-8082"]
2020-07-05 13:31:32,986 

Error starting ApplicationContext. To display the conditions report re-run your application with 'debug' enabled.
2020-07-05 13:31:33,007 Application run failed
org.springframework.beans.factory.BeanCreationException: Error creating bean with name 'codeRepo': FactoryBean threw exception on object creation; nested exception is java.lang.IllegalArgumentException: Failed to create query for method public abstract java.util.List com.enterprises.mengal.biltysystem.repository.CodeRepo.findAllByTypeAndActiveIndicator(java.lang.String,boolean)! Unable to locate Attribute  with the the given name [activeIndicator] on this ManagedType [com.enterprises.mengal.biltysystem.model.Code]
	at org.springframework.beans.factory.support.FactoryBeanRegistrySupport.doGetObjectFromFactoryBean(FactoryBeanRegistrySupport.java:178)
	at org.springframework.beans.factory.support.FactoryBeanRegistrySupport.getObjectFromFactoryBean(FactoryBeanRegistrySupport.java:101)
	at org.springframework.beans.factory.support.AbstractBeanFactory.getObjectForBeanInstance(AbstractBeanFactory.java:1821)
	at org.springframework.beans.factory.support.AbstractAutowireCapableBeanFactory.getObjectForBeanInstance(AbstractAutowireCapableBeanFactory.java:1266)
	at org.springframework.beans.factory.support.AbstractBeanFactory.doGetBean(AbstractBeanFactory.java:333)
	at org.springframework.beans.factory.support.AbstractBeanFactory.getBean(AbstractBeanFactory.java:202)
	at org.springframework.beans.factory.support.DefaultListableBeanFactory.getBeansOfType(DefaultListableBeanFactory.java:621)
	at org.springframework.beans.factory.support.DefaultListableBeanFactory.getBeansOfType(DefaultListableBeanFactory.java:609)
	at org.springframework.data.repository.config.DeferredRepositoryInitializationListener.onApplicationEvent(DeferredRepositoryInitializationListener.java:51)
	at org.springframework.data.repository.config.DeferredRepositoryInitializationListener.onApplicationEvent(DeferredRepositoryInitializationListener.java:36)
	at org.springframework.context.event.SimpleApplicationEventMulticaster.doInvokeListener(SimpleApplicationEventMulticaster.java:172)
	at org.springframework.context.event.SimpleApplicationEventMulticaster.invokeListener(SimpleApplicationEventMulticaster.java:165)
	at org.springframework.context.event.SimpleApplicationEventMulticaster.multicastEvent(SimpleApplicationEventMulticaster.java:139)
	at org.springframework.context.support.AbstractApplicationContext.publishEvent(AbstractApplicationContext.java:404)
	at org.springframework.context.support.AbstractApplicationContext.publishEvent(AbstractApplicationContext.java:361)
	at org.springframework.context.support.AbstractApplicationContext.finishRefresh(AbstractApplicationContext.java:898)
	at org.springframework.context.support.AbstractApplicationContext.refresh(AbstractApplicationContext.java:554)
	at org.springframework.boot.web.servlet.context.ServletWebServerApplicationContext.refresh(ServletWebServerApplicationContext.java:143)
	at org.springframework.boot.SpringApplication.refresh(SpringApplication.java:758)
	at org.springframework.boot.SpringApplication.refresh(SpringApplication.java:750)
	at org.springframework.boot.SpringApplication.refreshContext(SpringApplication.java:397)
	at org.springframework.boot.SpringApplication.run(SpringApplication.java:315)
	at org.springframework.boot.SpringApplication.run(SpringApplication.java:1237)
	at org.springframework.boot.SpringApplication.run(SpringApplication.java:1226)
	at com.enterprises.mengal.biltysystem.BiltysystemApplication.main(BiltysystemApplication.java:10)
Caused by: java.lang.IllegalArgumentException: Failed to create query for method public abstract java.util.List com.enterprises.mengal.biltysystem.repository.CodeRepo.findAllByTypeAndActiveIndicator(java.lang.String,boolean)! Unable to locate Attribute  with the the given name [activeIndicator] on this ManagedType [com.enterprises.mengal.biltysystem.model.Code]
	at org.springframework.data.jpa.repository.query.PartTreeJpaQuery.<init>(PartTreeJpaQuery.java:96)
	at org.springframework.data.jpa.repository.query.JpaQueryLookupStrategy$CreateQueryLookupStrategy.resolveQuery(JpaQueryLookupStrategy.java:107)
	at org.springframework.data.jpa.repository.query.JpaQueryLookupStrategy$CreateIfNotFoundQueryLookupStrategy.resolveQuery(JpaQueryLookupStrategy.java:218)
	at org.springframework.data.jpa.repository.query.JpaQueryLookupStrategy$AbstractQueryLookupStrategy.resolveQuery(JpaQueryLookupStrategy.java:81)
	at org.springframework.data.repository.core.support.QueryExecutorMethodInterceptor.lookupQuery(QueryExecutorMethodInterceptor.java:99)
	at org.springframework.data.repository.core.support.QueryExecutorMethodInterceptor.lambda$mapMethodsToQuery$1(QueryExecutorMethodInterceptor.java:92)
	at java.util.stream.ReferencePipeline$3$1.accept(ReferencePipeline.java:193)
	at java.util.Iterator.forEachRemaining(Iterator.java:116)
	at java.util.Collections$UnmodifiableCollection$1.forEachRemaining(Collections.java:1051)
	at java.util.Spliterators$IteratorSpliterator.forEachRemaining(Spliterators.java:1801)
	at java.util.stream.AbstractPipeline.copyInto(AbstractPipeline.java:482)
	at java.util.stream.AbstractPipeline.wrapAndCopyInto(AbstractPipeline.java:472)
	at java.util.stream.ReduceOps$ReduceOp.evaluateSequential(ReduceOps.java:708)
	at java.util.stream.AbstractPipeline.evaluate(AbstractPipeline.java:234)
	at java.util.stream.ReferencePipeline.collect(ReferencePipeline.java:499)
	at org.springframework.data.repository.core.support.QueryExecutorMethodInterceptor.mapMethodsToQuery(QueryExecutorMethodInterceptor.java:94)
	at org.springframework.data.repository.core.support.QueryExecutorMethodInterceptor.lambda$new$0(QueryExecutorMethodInterceptor.java:84)
	at java.util.Optional.map(Optional.java:215)
	at org.springframework.data.repository.core.support.QueryExecutorMethodInterceptor.<init>(QueryExecutorMethodInterceptor.java:84)
	at org.springframework.data.repository.core.support.RepositoryFactorySupport.getRepository(RepositoryFactorySupport.java:331)
	at org.springframework.data.repository.core.support.RepositoryFactoryBeanSupport.lambda$afterPropertiesSet$5(RepositoryFactoryBeanSupport.java:297)
	at org.springframework.data.util.Lazy.getNullable(Lazy.java:212)
	at org.springframework.data.util.Lazy.get(Lazy.java:94)
	at org.springframework.data.repository.core.support.RepositoryFactoryBeanSupport.getObject(RepositoryFactoryBeanSupport.java:244)
	at org.springframework.data.repository.core.support.RepositoryFactoryBeanSupport.getObject(RepositoryFactoryBeanSupport.java:57)
	at org.springframework.beans.factory.support.FactoryBeanRegistrySupport.doGetObjectFromFactoryBean(FactoryBeanRegistrySupport.java:171)
	... 24 common frames omitted
Caused by: java.lang.IllegalArgumentException: Unable to locate Attribute  with the the given name [activeIndicator] on this ManagedType [com.enterprises.mengal.biltysystem.model.Code]
	at org.hibernate.metamodel.model.domain.internal.AbstractManagedType.checkNotNull(AbstractManagedType.java:147)
	at org.hibernate.metamodel.model.domain.internal.AbstractManagedType.getAttribute(AbstractManagedType.java:118)
	at org.hibernate.metamodel.model.domain.internal.AbstractManagedType.getAttribute(AbstractManagedType.java:43)
	at org.springframework.data.jpa.repository.query.QueryUtils.toExpressionRecursively(QueryUtils.java:635)
	at org.springframework.data.jpa.repository.query.QueryUtils.toExpressionRecursively(QueryUtils.java:619)
	at org.springframework.data.jpa.repository.query.JpaQueryCreator$PredicateBuilder.getTypedPath(JpaQueryCreator.java:385)
	at org.springframework.data.jpa.repository.query.JpaQueryCreator$PredicateBuilder.build(JpaQueryCreator.java:308)
	at org.springframework.data.jpa.repository.query.JpaQueryCreator.toPredicate(JpaQueryCreator.java:211)
	at org.springframework.data.jpa.repository.query.JpaQueryCreator.and(JpaQueryCreator.java:133)
	at org.springframework.data.jpa.repository.query.JpaQueryCreator.and(JpaQueryCreator.java:59)
	at org.springframework.data.repository.query.parser.AbstractQueryCreator.createCriteria(AbstractQueryCreator.java:122)
	at org.springframework.data.repository.query.parser.AbstractQueryCreator.createQuery(AbstractQueryCreator.java:95)
	at org.springframework.data.repository.query.parser.AbstractQueryCreator.createQuery(AbstractQueryCreator.java:81)
	at org.springframework.data.jpa.repository.query.PartTreeJpaQuery$QueryPreparer.<init>(PartTreeJpaQuery.java:217)
	at org.springframework.data.jpa.repository.query.PartTreeJpaQuery$CountQueryPreparer.<init>(PartTreeJpaQuery.java:348)
	at org.springframework.data.jpa.repository.query.PartTreeJpaQuery.<init>(PartTreeJpaQuery.java:91)
	... 49 common frames omitted
2020-07-05 13:33:56,529 Starting BiltysystemApplication on SOFY-ZBOOK-G3 with PID 23312 (C:\Users\Ashhad\Downloads\biltysystem\biltysystem\target\classes started by Ashhad in C:\Users\Ashhad\Downloads\biltysystem\biltysystem)
2020-07-05 13:33:56,534 The following profiles are active: base
2020-07-05 13:33:57,843 Bootstrapping Spring Data JPA repositories in DEFERRED mode.
2020-07-05 13:33:57,961 Finished Spring Data repository scanning in 105ms. Found 3 JPA repository interfaces.
2020-07-05 13:33:59,726 Tomcat initialized with port(s): 8082 (http)
2020-07-05 13:33:59,753 Initializing ProtocolHandler ["http-nio-8082"]
2020-07-05 13:33:59,755 Starting service [Tomcat]
2020-07-05 13:33:59,756 Starting Servlet engine: [Apache Tomcat/9.0.36]
2020-07-05 13:33:59,971 Initializing Spring embedded WebApplicationContext
2020-07-05 13:33:59,972 Root WebApplicationContext: initialization completed in 3330 ms
2020-07-05 13:34:00,309 Initializing ExecutorService 'applicationTaskExecutor'
2020-07-05 13:34:00,387 HHH000204: Processing PersistenceUnitInfo [name: default]
2020-07-05 13:34:00,447 spring.jpa.open-in-view is enabled by default. Therefore, database queries may be performed during view rendering. Explicitly configure spring.jpa.open-in-view to disable this warning
2020-07-05 13:34:00,603 HHH000412: Hibernate ORM core version 5.4.17.Final
2020-07-05 13:34:00,989 HCANN000001: Hibernate Commons Annotations {5.1.0.Final}
2020-07-05 13:34:01,406 Starting ProtocolHandler ["http-nio-8082"]
2020-07-05 13:34:01,432 HHH000400: Using dialect: org.hibernate.dialect.PostgreSQLDialect
2020-07-05 13:34:01,474 Tomcat started on port(s): 8082 (http) with context path ''
2020-07-05 13:34:01,478 Triggering deferred initialization of Spring Data repositories…
2020-07-05 13:34:03,021 HikariPool-1 - Starting...
2020-07-05 13:34:03,311 HikariPool-1 - Start completed.
2020-07-05 13:34:03,369 HHH000490: Using JtaPlatform implementation: [org.hibernate.engine.transaction.jta.platform.internal.NoJtaPlatform]
2020-07-05 13:34:03,382 Initialized JPA EntityManagerFactory for persistence unit 'default'
2020-07-05 13:34:04,083 Exception encountered during context initialization - cancelling refresh attempt: org.springframework.beans.factory.BeanCreationException: Error creating bean with name 'codeRepo': FactoryBean threw exception on object creation; nested exception is java.lang.IllegalArgumentException: Failed to create query for method public abstract java.util.List com.enterprises.mengal.biltysystem.repository.CodeRepo.findAllByTypeAndactive_indicator(java.lang.String,boolean)! No property andactive found for type String! Traversed path: Code.type.
2020-07-05 13:34:04,085 Closing JPA EntityManagerFactory for persistence unit 'default'
2020-07-05 13:34:04,094 Shutting down ExecutorService 'applicationTaskExecutor'
2020-07-05 13:34:04,096 HikariPool-1 - Shutdown initiated...
2020-07-05 13:34:04,129 HikariPool-1 - Shutdown completed.
2020-07-05 13:34:04,135 Pausing ProtocolHandler ["http-nio-8082"]
2020-07-05 13:34:04,486 Stopping service [Tomcat]
2020-07-05 13:34:04,490 Stopping ProtocolHandler ["http-nio-8082"]
2020-07-05 13:34:04,495 Destroying ProtocolHandler ["http-nio-8082"]
2020-07-05 13:34:04,505 

Error starting ApplicationContext. To display the conditions report re-run your application with 'debug' enabled.
2020-07-05 13:34:04,510 Application run failed
org.springframework.beans.factory.BeanCreationException: Error creating bean with name 'codeRepo': FactoryBean threw exception on object creation; nested exception is java.lang.IllegalArgumentException: Failed to create query for method public abstract java.util.List com.enterprises.mengal.biltysystem.repository.CodeRepo.findAllByTypeAndactive_indicator(java.lang.String,boolean)! No property andactive found for type String! Traversed path: Code.type.
	at org.springframework.beans.factory.support.FactoryBeanRegistrySupport.doGetObjectFromFactoryBean(FactoryBeanRegistrySupport.java:178)
	at org.springframework.beans.factory.support.FactoryBeanRegistrySupport.getObjectFromFactoryBean(FactoryBeanRegistrySupport.java:101)
	at org.springframework.beans.factory.support.AbstractBeanFactory.getObjectForBeanInstance(AbstractBeanFactory.java:1821)
	at org.springframework.beans.factory.support.AbstractAutowireCapableBeanFactory.getObjectForBeanInstance(AbstractAutowireCapableBeanFactory.java:1266)
	at org.springframework.beans.factory.support.AbstractBeanFactory.doGetBean(AbstractBeanFactory.java:333)
	at org.springframework.beans.factory.support.AbstractBeanFactory.getBean(AbstractBeanFactory.java:202)
	at org.springframework.beans.factory.support.DefaultListableBeanFactory.getBeansOfType(DefaultListableBeanFactory.java:621)
	at org.springframework.beans.factory.support.DefaultListableBeanFactory.getBeansOfType(DefaultListableBeanFactory.java:609)
	at org.springframework.data.repository.config.DeferredRepositoryInitializationListener.onApplicationEvent(DeferredRepositoryInitializationListener.java:51)
	at org.springframework.data.repository.config.DeferredRepositoryInitializationListener.onApplicationEvent(DeferredRepositoryInitializationListener.java:36)
	at org.springframework.context.event.SimpleApplicationEventMulticaster.doInvokeListener(SimpleApplicationEventMulticaster.java:172)
	at org.springframework.context.event.SimpleApplicationEventMulticaster.invokeListener(SimpleApplicationEventMulticaster.java:165)
	at org.springframework.context.event.SimpleApplicationEventMulticaster.multicastEvent(SimpleApplicationEventMulticaster.java:139)
	at org.springframework.context.support.AbstractApplicationContext.publishEvent(AbstractApplicationContext.java:404)
	at org.springframework.context.support.AbstractApplicationContext.publishEvent(AbstractApplicationContext.java:361)
	at org.springframework.context.support.AbstractApplicationContext.finishRefresh(AbstractApplicationContext.java:898)
	at org.springframework.context.support.AbstractApplicationContext.refresh(AbstractApplicationContext.java:554)
	at org.springframework.boot.web.servlet.context.ServletWebServerApplicationContext.refresh(ServletWebServerApplicationContext.java:143)
	at org.springframework.boot.SpringApplication.refresh(SpringApplication.java:758)
	at org.springframework.boot.SpringApplication.refresh(SpringApplication.java:750)
	at org.springframework.boot.SpringApplication.refreshContext(SpringApplication.java:397)
	at org.springframework.boot.SpringApplication.run(SpringApplication.java:315)
	at org.springframework.boot.SpringApplication.run(SpringApplication.java:1237)
	at org.springframework.boot.SpringApplication.run(SpringApplication.java:1226)
	at com.enterprises.mengal.biltysystem.BiltysystemApplication.main(BiltysystemApplication.java:10)
Caused by: java.lang.IllegalArgumentException: Failed to create query for method public abstract java.util.List com.enterprises.mengal.biltysystem.repository.CodeRepo.findAllByTypeAndactive_indicator(java.lang.String,boolean)! No property andactive found for type String! Traversed path: Code.type.
	at org.springframework.data.jpa.repository.query.PartTreeJpaQuery.<init>(PartTreeJpaQuery.java:96)
	at org.springframework.data.jpa.repository.query.JpaQueryLookupStrategy$CreateQueryLookupStrategy.resolveQuery(JpaQueryLookupStrategy.java:107)
	at org.springframework.data.jpa.repository.query.JpaQueryLookupStrategy$CreateIfNotFoundQueryLookupStrategy.resolveQuery(JpaQueryLookupStrategy.java:218)
	at org.springframework.data.jpa.repository.query.JpaQueryLookupStrategy$AbstractQueryLookupStrategy.resolveQuery(JpaQueryLookupStrategy.java:81)
	at org.springframework.data.repository.core.support.QueryExecutorMethodInterceptor.lookupQuery(QueryExecutorMethodInterceptor.java:99)
	at org.springframework.data.repository.core.support.QueryExecutorMethodInterceptor.lambda$mapMethodsToQuery$1(QueryExecutorMethodInterceptor.java:92)
	at java.util.stream.ReferencePipeline$3$1.accept(ReferencePipeline.java:193)
	at java.util.Iterator.forEachRemaining(Iterator.java:116)
	at java.util.Collections$UnmodifiableCollection$1.forEachRemaining(Collections.java:1051)
	at java.util.Spliterators$IteratorSpliterator.forEachRemaining(Spliterators.java:1801)
	at java.util.stream.AbstractPipeline.copyInto(AbstractPipeline.java:482)
	at java.util.stream.AbstractPipeline.wrapAndCopyInto(AbstractPipeline.java:472)
	at java.util.stream.ReduceOps$ReduceOp.evaluateSequential(ReduceOps.java:708)
	at java.util.stream.AbstractPipeline.evaluate(AbstractPipeline.java:234)
	at java.util.stream.ReferencePipeline.collect(ReferencePipeline.java:499)
	at org.springframework.data.repository.core.support.QueryExecutorMethodInterceptor.mapMethodsToQuery(QueryExecutorMethodInterceptor.java:94)
	at org.springframework.data.repository.core.support.QueryExecutorMethodInterceptor.lambda$new$0(QueryExecutorMethodInterceptor.java:84)
	at java.util.Optional.map(Optional.java:215)
	at org.springframework.data.repository.core.support.QueryExecutorMethodInterceptor.<init>(QueryExecutorMethodInterceptor.java:84)
	at org.springframework.data.repository.core.support.RepositoryFactorySupport.getRepository(RepositoryFactorySupport.java:331)
	at org.springframework.data.repository.core.support.RepositoryFactoryBeanSupport.lambda$afterPropertiesSet$5(RepositoryFactoryBeanSupport.java:297)
	at org.springframework.data.util.Lazy.getNullable(Lazy.java:212)
	at org.springframework.data.util.Lazy.get(Lazy.java:94)
	at org.springframework.data.repository.core.support.RepositoryFactoryBeanSupport.getObject(RepositoryFactoryBeanSupport.java:244)
	at org.springframework.data.repository.core.support.RepositoryFactoryBeanSupport.getObject(RepositoryFactoryBeanSupport.java:57)
	at org.springframework.beans.factory.support.FactoryBeanRegistrySupport.doGetObjectFromFactoryBean(FactoryBeanRegistrySupport.java:171)
	... 24 common frames omitted
Caused by: org.springframework.data.mapping.PropertyReferenceException: No property andactive found for type String! Traversed path: Code.type.
	at org.springframework.data.mapping.PropertyPath.<init>(PropertyPath.java:94)
	at org.springframework.data.mapping.PropertyPath.create(PropertyPath.java:382)
	at org.springframework.data.mapping.PropertyPath.create(PropertyPath.java:358)
	at org.springframework.data.mapping.PropertyPath.create(PropertyPath.java:392)
	at org.springframework.data.mapping.PropertyPath.create(PropertyPath.java:416)
	at org.springframework.data.mapping.PropertyPath.create(PropertyPath.java:358)
	at org.springframework.data.mapping.PropertyPath.lambda$from$0(PropertyPath.java:311)
	at java.util.concurrent.ConcurrentMap.computeIfAbsent(ConcurrentMap.java:324)
	at org.springframework.data.mapping.PropertyPath.from(PropertyPath.java:293)
	at org.springframework.data.mapping.PropertyPath.from(PropertyPath.java:276)
	at org.springframework.data.repository.query.parser.Part.<init>(Part.java:82)
	at org.springframework.data.repository.query.parser.PartTree$OrPart.lambda$new$0(PartTree.java:251)
	at java.util.stream.ReferencePipeline$3$1.accept(ReferencePipeline.java:193)
	at java.util.stream.ReferencePipeline$2$1.accept(ReferencePipeline.java:175)
	at java.util.Spliterators$ArraySpliterator.forEachRemaining(Spliterators.java:948)
	at java.util.stream.AbstractPipeline.copyInto(AbstractPipeline.java:482)
	at java.util.stream.AbstractPipeline.wrapAndCopyInto(AbstractPipeline.java:472)
	at java.util.stream.ReduceOps$ReduceOp.evaluateSequential(ReduceOps.java:708)
	at java.util.stream.AbstractPipeline.evaluate(AbstractPipeline.java:234)
	at java.util.stream.ReferencePipeline.collect(ReferencePipeline.java:499)
	at org.springframework.data.repository.query.parser.PartTree$OrPart.<init>(PartTree.java:252)
	at org.springframework.data.repository.query.parser.PartTree$Predicate.lambda$new$0(PartTree.java:381)
	at java.util.stream.ReferencePipeline$3$1.accept(ReferencePipeline.java:193)
	at java.util.stream.ReferencePipeline$2$1.accept(ReferencePipeline.java:175)
	at java.util.Spliterators$ArraySpliterator.forEachRemaining(Spliterators.java:948)
	at java.util.stream.AbstractPipeline.copyInto(AbstractPipeline.java:482)
	at java.util.stream.AbstractPipeline.wrapAndCopyInto(AbstractPipeline.java:472)
	at java.util.stream.ReduceOps$ReduceOp.evaluateSequential(ReduceOps.java:708)
	at java.util.stream.AbstractPipeline.evaluate(AbstractPipeline.java:234)
	at java.util.stream.ReferencePipeline.collect(ReferencePipeline.java:499)
	at org.springframework.data.repository.query.parser.PartTree$Predicate.<init>(PartTree.java:382)
	at org.springframework.data.repository.query.parser.PartTree.<init>(PartTree.java:97)
	at org.springframework.data.jpa.repository.query.PartTreeJpaQuery.<init>(PartTreeJpaQuery.java:89)
	... 49 common frames omitted
2020-07-05 13:34:41,012 Starting BiltysystemApplication on SOFY-ZBOOK-G3 with PID 6892 (C:\Users\Ashhad\Downloads\biltysystem\biltysystem\target\classes started by Ashhad in C:\Users\Ashhad\Downloads\biltysystem\biltysystem)
2020-07-05 13:34:41,018 The following profiles are active: base
2020-07-05 13:34:42,333 Bootstrapping Spring Data JPA repositories in DEFERRED mode.
2020-07-05 13:34:42,433 Finished Spring Data repository scanning in 88ms. Found 3 JPA repository interfaces.
2020-07-05 13:34:44,054 Tomcat initialized with port(s): 8082 (http)
2020-07-05 13:34:44,069 Initializing ProtocolHandler ["http-nio-8082"]
2020-07-05 13:34:44,070 Starting service [Tomcat]
2020-07-05 13:34:44,071 Starting Servlet engine: [Apache Tomcat/9.0.36]
2020-07-05 13:34:44,242 Initializing Spring embedded WebApplicationContext
2020-07-05 13:34:44,242 Root WebApplicationContext: initialization completed in 3126 ms
2020-07-05 13:34:44,569 Initializing ExecutorService 'applicationTaskExecutor'
2020-07-05 13:34:44,671 HHH000204: Processing PersistenceUnitInfo [name: default]
2020-07-05 13:34:44,725 spring.jpa.open-in-view is enabled by default. Therefore, database queries may be performed during view rendering. Explicitly configure spring.jpa.open-in-view to disable this warning
2020-07-05 13:34:44,894 HHH000412: Hibernate ORM core version 5.4.17.Final
2020-07-05 13:34:45,288 HCANN000001: Hibernate Commons Annotations {5.1.0.Final}
2020-07-05 13:34:45,543 Starting ProtocolHandler ["http-nio-8082"]
2020-07-05 13:34:45,625 Tomcat started on port(s): 8082 (http) with context path ''
2020-07-05 13:34:45,628 Triggering deferred initialization of Spring Data repositories…
2020-07-05 13:34:45,686 HHH000400: Using dialect: org.hibernate.dialect.PostgreSQLDialect
2020-07-05 13:34:47,022 HikariPool-1 - Starting...
2020-07-05 13:34:47,250 HikariPool-1 - Start completed.
2020-07-05 13:34:47,308 HHH000490: Using JtaPlatform implementation: [org.hibernate.engine.transaction.jta.platform.internal.NoJtaPlatform]
2020-07-05 13:34:47,321 Initialized JPA EntityManagerFactory for persistence unit 'default'
2020-07-05 13:34:47,976 Exception encountered during context initialization - cancelling refresh attempt: org.springframework.beans.factory.BeanCreationException: Error creating bean with name 'codeRepo': FactoryBean threw exception on object creation; nested exception is java.lang.IllegalArgumentException: Failed to create query for method public abstract java.util.List com.enterprises.mengal.biltysystem.repository.CodeRepo.findAllByTypeAndActiveIndicator(java.lang.String,boolean)! Unable to locate Attribute  with the the given name [activeIndicator] on this ManagedType [com.enterprises.mengal.biltysystem.model.Code]
2020-07-05 13:34:47,977 Closing JPA EntityManagerFactory for persistence unit 'default'
2020-07-05 13:34:47,988 Shutting down ExecutorService 'applicationTaskExecutor'
2020-07-05 13:34:47,989 HikariPool-1 - Shutdown initiated...
2020-07-05 13:34:48,032 HikariPool-1 - Shutdown completed.
2020-07-05 13:34:48,038 Pausing ProtocolHandler ["http-nio-8082"]
2020-07-05 13:34:48,381 Stopping service [Tomcat]
2020-07-05 13:34:48,385 Stopping ProtocolHandler ["http-nio-8082"]
2020-07-05 13:34:48,389 Destroying ProtocolHandler ["http-nio-8082"]
2020-07-05 13:34:48,399 

Error starting ApplicationContext. To display the conditions report re-run your application with 'debug' enabled.
2020-07-05 13:34:48,405 Application run failed
org.springframework.beans.factory.BeanCreationException: Error creating bean with name 'codeRepo': FactoryBean threw exception on object creation; nested exception is java.lang.IllegalArgumentException: Failed to create query for method public abstract java.util.List com.enterprises.mengal.biltysystem.repository.CodeRepo.findAllByTypeAndActiveIndicator(java.lang.String,boolean)! Unable to locate Attribute  with the the given name [activeIndicator] on this ManagedType [com.enterprises.mengal.biltysystem.model.Code]
	at org.springframework.beans.factory.support.FactoryBeanRegistrySupport.doGetObjectFromFactoryBean(FactoryBeanRegistrySupport.java:178)
	at org.springframework.beans.factory.support.FactoryBeanRegistrySupport.getObjectFromFactoryBean(FactoryBeanRegistrySupport.java:101)
	at org.springframework.beans.factory.support.AbstractBeanFactory.getObjectForBeanInstance(AbstractBeanFactory.java:1821)
	at org.springframework.beans.factory.support.AbstractAutowireCapableBeanFactory.getObjectForBeanInstance(AbstractAutowireCapableBeanFactory.java:1266)
	at org.springframework.beans.factory.support.AbstractBeanFactory.doGetBean(AbstractBeanFactory.java:333)
	at org.springframework.beans.factory.support.AbstractBeanFactory.getBean(AbstractBeanFactory.java:202)
	at org.springframework.beans.factory.support.DefaultListableBeanFactory.getBeansOfType(DefaultListableBeanFactory.java:621)
	at org.springframework.beans.factory.support.DefaultListableBeanFactory.getBeansOfType(DefaultListableBeanFactory.java:609)
	at org.springframework.data.repository.config.DeferredRepositoryInitializationListener.onApplicationEvent(DeferredRepositoryInitializationListener.java:51)
	at org.springframework.data.repository.config.DeferredRepositoryInitializationListener.onApplicationEvent(DeferredRepositoryInitializationListener.java:36)
	at org.springframework.context.event.SimpleApplicationEventMulticaster.doInvokeListener(SimpleApplicationEventMulticaster.java:172)
	at org.springframework.context.event.SimpleApplicationEventMulticaster.invokeListener(SimpleApplicationEventMulticaster.java:165)
	at org.springframework.context.event.SimpleApplicationEventMulticaster.multicastEvent(SimpleApplicationEventMulticaster.java:139)
	at org.springframework.context.support.AbstractApplicationContext.publishEvent(AbstractApplicationContext.java:404)
	at org.springframework.context.support.AbstractApplicationContext.publishEvent(AbstractApplicationContext.java:361)
	at org.springframework.context.support.AbstractApplicationContext.finishRefresh(AbstractApplicationContext.java:898)
	at org.springframework.context.support.AbstractApplicationContext.refresh(AbstractApplicationContext.java:554)
	at org.springframework.boot.web.servlet.context.ServletWebServerApplicationContext.refresh(ServletWebServerApplicationContext.java:143)
	at org.springframework.boot.SpringApplication.refresh(SpringApplication.java:758)
	at org.springframework.boot.SpringApplication.refresh(SpringApplication.java:750)
	at org.springframework.boot.SpringApplication.refreshContext(SpringApplication.java:397)
	at org.springframework.boot.SpringApplication.run(SpringApplication.java:315)
	at org.springframework.boot.SpringApplication.run(SpringApplication.java:1237)
	at org.springframework.boot.SpringApplication.run(SpringApplication.java:1226)
	at com.enterprises.mengal.biltysystem.BiltysystemApplication.main(BiltysystemApplication.java:10)
Caused by: java.lang.IllegalArgumentException: Failed to create query for method public abstract java.util.List com.enterprises.mengal.biltysystem.repository.CodeRepo.findAllByTypeAndActiveIndicator(java.lang.String,boolean)! Unable to locate Attribute  with the the given name [activeIndicator] on this ManagedType [com.enterprises.mengal.biltysystem.model.Code]
	at org.springframework.data.jpa.repository.query.PartTreeJpaQuery.<init>(PartTreeJpaQuery.java:96)
	at org.springframework.data.jpa.repository.query.JpaQueryLookupStrategy$CreateQueryLookupStrategy.resolveQuery(JpaQueryLookupStrategy.java:107)
	at org.springframework.data.jpa.repository.query.JpaQueryLookupStrategy$CreateIfNotFoundQueryLookupStrategy.resolveQuery(JpaQueryLookupStrategy.java:218)
	at org.springframework.data.jpa.repository.query.JpaQueryLookupStrategy$AbstractQueryLookupStrategy.resolveQuery(JpaQueryLookupStrategy.java:81)
	at org.springframework.data.repository.core.support.QueryExecutorMethodInterceptor.lookupQuery(QueryExecutorMethodInterceptor.java:99)
	at org.springframework.data.repository.core.support.QueryExecutorMethodInterceptor.lambda$mapMethodsToQuery$1(QueryExecutorMethodInterceptor.java:92)
	at java.util.stream.ReferencePipeline$3$1.accept(ReferencePipeline.java:193)
	at java.util.Iterator.forEachRemaining(Iterator.java:116)
	at java.util.Collections$UnmodifiableCollection$1.forEachRemaining(Collections.java:1051)
	at java.util.Spliterators$IteratorSpliterator.forEachRemaining(Spliterators.java:1801)
	at java.util.stream.AbstractPipeline.copyInto(AbstractPipeline.java:482)
	at java.util.stream.AbstractPipeline.wrapAndCopyInto(AbstractPipeline.java:472)
	at java.util.stream.ReduceOps$ReduceOp.evaluateSequential(ReduceOps.java:708)
	at java.util.stream.AbstractPipeline.evaluate(AbstractPipeline.java:234)
	at java.util.stream.ReferencePipeline.collect(ReferencePipeline.java:499)
	at org.springframework.data.repository.core.support.QueryExecutorMethodInterceptor.mapMethodsToQuery(QueryExecutorMethodInterceptor.java:94)
	at org.springframework.data.repository.core.support.QueryExecutorMethodInterceptor.lambda$new$0(QueryExecutorMethodInterceptor.java:84)
	at java.util.Optional.map(Optional.java:215)
	at org.springframework.data.repository.core.support.QueryExecutorMethodInterceptor.<init>(QueryExecutorMethodInterceptor.java:84)
	at org.springframework.data.repository.core.support.RepositoryFactorySupport.getRepository(RepositoryFactorySupport.java:331)
	at org.springframework.data.repository.core.support.RepositoryFactoryBeanSupport.lambda$afterPropertiesSet$5(RepositoryFactoryBeanSupport.java:297)
	at org.springframework.data.util.Lazy.getNullable(Lazy.java:212)
	at org.springframework.data.util.Lazy.get(Lazy.java:94)
	at org.springframework.data.repository.core.support.RepositoryFactoryBeanSupport.getObject(RepositoryFactoryBeanSupport.java:244)
	at org.springframework.data.repository.core.support.RepositoryFactoryBeanSupport.getObject(RepositoryFactoryBeanSupport.java:57)
	at org.springframework.beans.factory.support.FactoryBeanRegistrySupport.doGetObjectFromFactoryBean(FactoryBeanRegistrySupport.java:171)
	... 24 common frames omitted
Caused by: java.lang.IllegalArgumentException: Unable to locate Attribute  with the the given name [activeIndicator] on this ManagedType [com.enterprises.mengal.biltysystem.model.Code]
	at org.hibernate.metamodel.model.domain.internal.AbstractManagedType.checkNotNull(AbstractManagedType.java:147)
	at org.hibernate.metamodel.model.domain.internal.AbstractManagedType.getAttribute(AbstractManagedType.java:118)
	at org.hibernate.metamodel.model.domain.internal.AbstractManagedType.getAttribute(AbstractManagedType.java:43)
	at org.springframework.data.jpa.repository.query.QueryUtils.toExpressionRecursively(QueryUtils.java:635)
	at org.springframework.data.jpa.repository.query.QueryUtils.toExpressionRecursively(QueryUtils.java:619)
	at org.springframework.data.jpa.repository.query.JpaQueryCreator$PredicateBuilder.getTypedPath(JpaQueryCreator.java:385)
	at org.springframework.data.jpa.repository.query.JpaQueryCreator$PredicateBuilder.build(JpaQueryCreator.java:308)
	at org.springframework.data.jpa.repository.query.JpaQueryCreator.toPredicate(JpaQueryCreator.java:211)
	at org.springframework.data.jpa.repository.query.JpaQueryCreator.and(JpaQueryCreator.java:133)
	at org.springframework.data.jpa.repository.query.JpaQueryCreator.and(JpaQueryCreator.java:59)
	at org.springframework.data.repository.query.parser.AbstractQueryCreator.createCriteria(AbstractQueryCreator.java:122)
	at org.springframework.data.repository.query.parser.AbstractQueryCreator.createQuery(AbstractQueryCreator.java:95)
	at org.springframework.data.repository.query.parser.AbstractQueryCreator.createQuery(AbstractQueryCreator.java:81)
	at org.springframework.data.jpa.repository.query.PartTreeJpaQuery$QueryPreparer.<init>(PartTreeJpaQuery.java:217)
	at org.springframework.data.jpa.repository.query.PartTreeJpaQuery$CountQueryPreparer.<init>(PartTreeJpaQuery.java:348)
	at org.springframework.data.jpa.repository.query.PartTreeJpaQuery.<init>(PartTreeJpaQuery.java:91)
	... 49 common frames omitted
2020-07-05 13:57:15,864 Starting BiltysystemApplication on SOFY-ZBOOK-G3 with PID 8516 (C:\Users\Ashhad\Downloads\biltysystem\biltysystem\target\classes started by Ashhad in C:\Users\Ashhad\Downloads\biltysystem\biltysystem)
2020-07-05 13:57:15,873 The following profiles are active: base
2020-07-05 13:57:17,549 Bootstrapping Spring Data JPA repositories in DEFERRED mode.
2020-07-05 13:57:17,740 Finished Spring Data repository scanning in 171ms. Found 3 JPA repository interfaces.
2020-07-05 13:57:20,251 Tomcat initialized with port(s): 8082 (http)
2020-07-05 13:57:20,298 Initializing ProtocolHandler ["http-nio-8082"]
2020-07-05 13:57:20,301 Starting service [Tomcat]
2020-07-05 13:57:20,302 Starting Servlet engine: [Apache Tomcat/9.0.36]
2020-07-05 13:57:20,670 Initializing Spring embedded WebApplicationContext
2020-07-05 13:57:20,670 Root WebApplicationContext: initialization completed in 4672 ms
2020-07-05 13:57:21,258 Initializing ExecutorService 'applicationTaskExecutor'
2020-07-05 13:57:21,362 HHH000204: Processing PersistenceUnitInfo [name: default]
2020-07-05 13:57:21,455 spring.jpa.open-in-view is enabled by default. Therefore, database queries may be performed during view rendering. Explicitly configure spring.jpa.open-in-view to disable this warning
2020-07-05 13:57:21,708 HHH000412: Hibernate ORM core version 5.4.17.Final
2020-07-05 13:57:22,322 HCANN000001: Hibernate Commons Annotations {5.1.0.Final}
2020-07-05 13:57:22,646 Starting ProtocolHandler ["http-nio-8082"]
2020-07-05 13:57:22,761 Tomcat started on port(s): 8082 (http) with context path ''
2020-07-05 13:57:22,768 Triggering deferred initialization of Spring Data repositories…
2020-07-05 13:57:22,882 HHH000400: Using dialect: org.hibernate.dialect.PostgreSQLDialect
2020-07-05 13:57:24,837 HikariPool-1 - Starting...
2020-07-05 13:57:25,131 HikariPool-1 - Start completed.
2020-07-05 13:57:25,260 HHH000490: Using JtaPlatform implementation: [org.hibernate.engine.transaction.jta.platform.internal.NoJtaPlatform]
2020-07-05 13:57:25,287 Initialized JPA EntityManagerFactory for persistence unit 'default'
2020-07-05 13:57:26,306 Exception encountered during context initialization - cancelling refresh attempt: org.springframework.beans.factory.BeanCreationException: Error creating bean with name 'codeRepo': FactoryBean threw exception on object creation; nested exception is java.lang.IllegalArgumentException: Failed to create query for method public abstract java.util.List com.enterprises.mengal.biltysystem.repository.CodeRepo.findAllByTypeAndActiveIndicator(java.lang.String,boolean)! Unable to locate Attribute  with the the given name [activeIndicator] on this ManagedType [com.enterprises.mengal.biltysystem.model.Code]
2020-07-05 13:57:26,308 Closing JPA EntityManagerFactory for persistence unit 'default'
2020-07-05 13:57:26,311 Shutting down ExecutorService 'applicationTaskExecutor'
2020-07-05 13:57:26,314 HikariPool-1 - Shutdown initiated...
2020-07-05 13:57:26,336 HikariPool-1 - Shutdown completed.
2020-07-05 13:57:26,341 Pausing ProtocolHandler ["http-nio-8082"]
2020-07-05 13:57:26,995 Stopping service [Tomcat]
2020-07-05 13:57:27,009 Stopping ProtocolHandler ["http-nio-8082"]
2020-07-05 13:57:27,022 Destroying ProtocolHandler ["http-nio-8082"]
2020-07-05 13:57:27,062 

Error starting ApplicationContext. To display the conditions report re-run your application with 'debug' enabled.
2020-07-05 13:57:27,083 Application run failed
org.springframework.beans.factory.BeanCreationException: Error creating bean with name 'codeRepo': FactoryBean threw exception on object creation; nested exception is java.lang.IllegalArgumentException: Failed to create query for method public abstract java.util.List com.enterprises.mengal.biltysystem.repository.CodeRepo.findAllByTypeAndActiveIndicator(java.lang.String,boolean)! Unable to locate Attribute  with the the given name [activeIndicator] on this ManagedType [com.enterprises.mengal.biltysystem.model.Code]
	at org.springframework.beans.factory.support.FactoryBeanRegistrySupport.doGetObjectFromFactoryBean(FactoryBeanRegistrySupport.java:178)
	at org.springframework.beans.factory.support.FactoryBeanRegistrySupport.getObjectFromFactoryBean(FactoryBeanRegistrySupport.java:101)
	at org.springframework.beans.factory.support.AbstractBeanFactory.getObjectForBeanInstance(AbstractBeanFactory.java:1821)
	at org.springframework.beans.factory.support.AbstractAutowireCapableBeanFactory.getObjectForBeanInstance(AbstractAutowireCapableBeanFactory.java:1266)
	at org.springframework.beans.factory.support.AbstractBeanFactory.doGetBean(AbstractBeanFactory.java:333)
	at org.springframework.beans.factory.support.AbstractBeanFactory.getBean(AbstractBeanFactory.java:202)
	at org.springframework.beans.factory.support.DefaultListableBeanFactory.getBeansOfType(DefaultListableBeanFactory.java:621)
	at org.springframework.beans.factory.support.DefaultListableBeanFactory.getBeansOfType(DefaultListableBeanFactory.java:609)
	at org.springframework.data.repository.config.DeferredRepositoryInitializationListener.onApplicationEvent(DeferredRepositoryInitializationListener.java:51)
	at org.springframework.data.repository.config.DeferredRepositoryInitializationListener.onApplicationEvent(DeferredRepositoryInitializationListener.java:36)
	at org.springframework.context.event.SimpleApplicationEventMulticaster.doInvokeListener(SimpleApplicationEventMulticaster.java:172)
	at org.springframework.context.event.SimpleApplicationEventMulticaster.invokeListener(SimpleApplicationEventMulticaster.java:165)
	at org.springframework.context.event.SimpleApplicationEventMulticaster.multicastEvent(SimpleApplicationEventMulticaster.java:139)
	at org.springframework.context.support.AbstractApplicationContext.publishEvent(AbstractApplicationContext.java:404)
	at org.springframework.context.support.AbstractApplicationContext.publishEvent(AbstractApplicationContext.java:361)
	at org.springframework.context.support.AbstractApplicationContext.finishRefresh(AbstractApplicationContext.java:898)
	at org.springframework.context.support.AbstractApplicationContext.refresh(AbstractApplicationContext.java:554)
	at org.springframework.boot.web.servlet.context.ServletWebServerApplicationContext.refresh(ServletWebServerApplicationContext.java:143)
	at org.springframework.boot.SpringApplication.refresh(SpringApplication.java:758)
	at org.springframework.boot.SpringApplication.refresh(SpringApplication.java:750)
	at org.springframework.boot.SpringApplication.refreshContext(SpringApplication.java:397)
	at org.springframework.boot.SpringApplication.run(SpringApplication.java:315)
	at org.springframework.boot.SpringApplication.run(SpringApplication.java:1237)
	at org.springframework.boot.SpringApplication.run(SpringApplication.java:1226)
	at com.enterprises.mengal.biltysystem.BiltysystemApplication.main(BiltysystemApplication.java:10)
Caused by: java.lang.IllegalArgumentException: Failed to create query for method public abstract java.util.List com.enterprises.mengal.biltysystem.repository.CodeRepo.findAllByTypeAndActiveIndicator(java.lang.String,boolean)! Unable to locate Attribute  with the the given name [activeIndicator] on this ManagedType [com.enterprises.mengal.biltysystem.model.Code]
	at org.springframework.data.jpa.repository.query.PartTreeJpaQuery.<init>(PartTreeJpaQuery.java:96)
	at org.springframework.data.jpa.repository.query.JpaQueryLookupStrategy$CreateQueryLookupStrategy.resolveQuery(JpaQueryLookupStrategy.java:107)
	at org.springframework.data.jpa.repository.query.JpaQueryLookupStrategy$CreateIfNotFoundQueryLookupStrategy.resolveQuery(JpaQueryLookupStrategy.java:218)
	at org.springframework.data.jpa.repository.query.JpaQueryLookupStrategy$AbstractQueryLookupStrategy.resolveQuery(JpaQueryLookupStrategy.java:81)
	at org.springframework.data.repository.core.support.QueryExecutorMethodInterceptor.lookupQuery(QueryExecutorMethodInterceptor.java:99)
	at org.springframework.data.repository.core.support.QueryExecutorMethodInterceptor.lambda$mapMethodsToQuery$1(QueryExecutorMethodInterceptor.java:92)
	at java.util.stream.ReferencePipeline$3$1.accept(ReferencePipeline.java:193)
	at java.util.Iterator.forEachRemaining(Iterator.java:116)
	at java.util.Collections$UnmodifiableCollection$1.forEachRemaining(Collections.java:1051)
	at java.util.Spliterators$IteratorSpliterator.forEachRemaining(Spliterators.java:1801)
	at java.util.stream.AbstractPipeline.copyInto(AbstractPipeline.java:482)
	at java.util.stream.AbstractPipeline.wrapAndCopyInto(AbstractPipeline.java:472)
	at java.util.stream.ReduceOps$ReduceOp.evaluateSequential(ReduceOps.java:708)
	at java.util.stream.AbstractPipeline.evaluate(AbstractPipeline.java:234)
	at java.util.stream.ReferencePipeline.collect(ReferencePipeline.java:499)
	at org.springframework.data.repository.core.support.QueryExecutorMethodInterceptor.mapMethodsToQuery(QueryExecutorMethodInterceptor.java:94)
	at org.springframework.data.repository.core.support.QueryExecutorMethodInterceptor.lambda$new$0(QueryExecutorMethodInterceptor.java:84)
	at java.util.Optional.map(Optional.java:215)
	at org.springframework.data.repository.core.support.QueryExecutorMethodInterceptor.<init>(QueryExecutorMethodInterceptor.java:84)
	at org.springframework.data.repository.core.support.RepositoryFactorySupport.getRepository(RepositoryFactorySupport.java:331)
	at org.springframework.data.repository.core.support.RepositoryFactoryBeanSupport.lambda$afterPropertiesSet$5(RepositoryFactoryBeanSupport.java:297)
	at org.springframework.data.util.Lazy.getNullable(Lazy.java:212)
	at org.springframework.data.util.Lazy.get(Lazy.java:94)
	at org.springframework.data.repository.core.support.RepositoryFactoryBeanSupport.getObject(RepositoryFactoryBeanSupport.java:244)
	at org.springframework.data.repository.core.support.RepositoryFactoryBeanSupport.getObject(RepositoryFactoryBeanSupport.java:57)
	at org.springframework.beans.factory.support.FactoryBeanRegistrySupport.doGetObjectFromFactoryBean(FactoryBeanRegistrySupport.java:171)
	... 24 common frames omitted
Caused by: java.lang.IllegalArgumentException: Unable to locate Attribute  with the the given name [activeIndicator] on this ManagedType [com.enterprises.mengal.biltysystem.model.Code]
	at org.hibernate.metamodel.model.domain.internal.AbstractManagedType.checkNotNull(AbstractManagedType.java:147)
	at org.hibernate.metamodel.model.domain.internal.AbstractManagedType.getAttribute(AbstractManagedType.java:118)
	at org.hibernate.metamodel.model.domain.internal.AbstractManagedType.getAttribute(AbstractManagedType.java:43)
	at org.springframework.data.jpa.repository.query.QueryUtils.toExpressionRecursively(QueryUtils.java:635)
	at org.springframework.data.jpa.repository.query.QueryUtils.toExpressionRecursively(QueryUtils.java:619)
	at org.springframework.data.jpa.repository.query.JpaQueryCreator$PredicateBuilder.getTypedPath(JpaQueryCreator.java:385)
	at org.springframework.data.jpa.repository.query.JpaQueryCreator$PredicateBuilder.build(JpaQueryCreator.java:308)
	at org.springframework.data.jpa.repository.query.JpaQueryCreator.toPredicate(JpaQueryCreator.java:211)
	at org.springframework.data.jpa.repository.query.JpaQueryCreator.and(JpaQueryCreator.java:133)
	at org.springframework.data.jpa.repository.query.JpaQueryCreator.and(JpaQueryCreator.java:59)
	at org.springframework.data.repository.query.parser.AbstractQueryCreator.createCriteria(AbstractQueryCreator.java:122)
	at org.springframework.data.repository.query.parser.AbstractQueryCreator.createQuery(AbstractQueryCreator.java:95)
	at org.springframework.data.repository.query.parser.AbstractQueryCreator.createQuery(AbstractQueryCreator.java:81)
	at org.springframework.data.jpa.repository.query.PartTreeJpaQuery$QueryPreparer.<init>(PartTreeJpaQuery.java:217)
	at org.springframework.data.jpa.repository.query.PartTreeJpaQuery$CountQueryPreparer.<init>(PartTreeJpaQuery.java:348)
	at org.springframework.data.jpa.repository.query.PartTreeJpaQuery.<init>(PartTreeJpaQuery.java:91)
	... 49 common frames omitted
2020-07-05 14:19:02,632 Starting BiltysystemApplication on SOFY-ZBOOK-G3 with PID 2944 (C:\Users\Ashhad\Downloads\biltysystem\biltysystem\target\classes started by Ashhad in C:\Users\Ashhad\Downloads\biltysystem\biltysystem)
2020-07-05 14:19:02,637 The following profiles are active: base
2020-07-05 14:19:04,073 Bootstrapping Spring Data JPA repositories in DEFERRED mode.
2020-07-05 14:19:04,230 Finished Spring Data repository scanning in 139ms. Found 3 JPA repository interfaces.
2020-07-05 14:19:06,388 Tomcat initialized with port(s): 8082 (http)
2020-07-05 14:19:06,409 Initializing ProtocolHandler ["http-nio-8082"]
2020-07-05 14:19:06,410 Starting service [Tomcat]
2020-07-05 14:19:06,411 Starting Servlet engine: [Apache Tomcat/9.0.36]
2020-07-05 14:19:06,583 Initializing Spring embedded WebApplicationContext
2020-07-05 14:19:06,583 Root WebApplicationContext: initialization completed in 3835 ms
2020-07-05 14:19:06,948 Initializing ExecutorService 'applicationTaskExecutor'
2020-07-05 14:19:07,072 HHH000204: Processing PersistenceUnitInfo [name: default]
2020-07-05 14:19:07,142 spring.jpa.open-in-view is enabled by default. Therefore, database queries may be performed during view rendering. Explicitly configure spring.jpa.open-in-view to disable this warning
2020-07-05 14:19:07,353 HHH000412: Hibernate ORM core version 5.4.17.Final
2020-07-05 14:19:07,926 HCANN000001: Hibernate Commons Annotations {5.1.0.Final}
2020-07-05 14:19:08,141 Starting ProtocolHandler ["http-nio-8082"]
2020-07-05 14:19:08,199 Tomcat started on port(s): 8082 (http) with context path ''
2020-07-05 14:19:08,202 Triggering deferred initialization of Spring Data repositories…
2020-07-05 14:19:08,334 HHH000400: Using dialect: org.hibernate.dialect.PostgreSQLDialect
2020-07-05 14:19:09,925 HikariPool-1 - Starting...
2020-07-05 14:19:10,147 HikariPool-1 - Start completed.
2020-07-05 14:19:10,310 HHH000490: Using JtaPlatform implementation: [org.hibernate.engine.transaction.jta.platform.internal.NoJtaPlatform]
2020-07-05 14:19:10,440 Initialized JPA EntityManagerFactory for persistence unit 'default'
2020-07-05 14:19:11,299 Spring Data repositories initialized!
2020-07-05 14:19:11,314 Started BiltysystemApplication in 9.749 seconds (JVM running for 10.781)
2020-07-05 14:19:32,690 Closing JPA EntityManagerFactory for persistence unit 'default'
2020-07-05 14:19:32,692 Shutting down ExecutorService 'applicationTaskExecutor'
2020-07-05 14:19:32,693 HikariPool-1 - Shutdown initiated...
2020-07-05 14:19:32,706 HikariPool-1 - Shutdown completed.
2020-07-05 14:19:37,137 Starting BiltysystemApplication on SOFY-ZBOOK-G3 with PID 16636 (C:\Users\Ashhad\Downloads\biltysystem\biltysystem\target\classes started by Ashhad in C:\Users\Ashhad\Downloads\biltysystem\biltysystem)
2020-07-05 14:19:37,142 The following profiles are active: base
2020-07-05 14:19:38,494 Bootstrapping Spring Data JPA repositories in DEFERRED mode.
2020-07-05 14:19:38,658 Finished Spring Data repository scanning in 151ms. Found 3 JPA repository interfaces.
2020-07-05 14:19:40,374 Tomcat initialized with port(s): 8082 (http)
2020-07-05 14:19:40,396 Initializing ProtocolHandler ["http-nio-8082"]
2020-07-05 14:19:40,397 Starting service [Tomcat]
2020-07-05 14:19:40,399 Starting Servlet engine: [Apache Tomcat/9.0.36]
2020-07-05 14:19:40,671 Initializing Spring embedded WebApplicationContext
2020-07-05 14:19:40,672 Root WebApplicationContext: initialization completed in 3418 ms
2020-07-05 14:19:41,016 Initializing ExecutorService 'applicationTaskExecutor'
2020-07-05 14:19:41,107 HHH000204: Processing PersistenceUnitInfo [name: default]
2020-07-05 14:19:41,170 spring.jpa.open-in-view is enabled by default. Therefore, database queries may be performed during view rendering. Explicitly configure spring.jpa.open-in-view to disable this warning
2020-07-05 14:19:41,352 HHH000412: Hibernate ORM core version 5.4.17.Final
2020-07-05 14:19:41,714 HCANN000001: Hibernate Commons Annotations {5.1.0.Final}
2020-07-05 14:19:42,020 Starting ProtocolHandler ["http-nio-8082"]
2020-07-05 14:19:42,080 Tomcat started on port(s): 8082 (http) with context path ''
2020-07-05 14:19:42,086 Triggering deferred initialization of Spring Data repositories…
2020-07-05 14:19:42,163 HHH000400: Using dialect: org.hibernate.dialect.PostgreSQLDialect
2020-07-05 14:19:43,467 HikariPool-1 - Starting...
2020-07-05 14:19:43,673 HikariPool-1 - Start completed.
2020-07-05 14:19:43,801 HHH000490: Using JtaPlatform implementation: [org.hibernate.engine.transaction.jta.platform.internal.NoJtaPlatform]
2020-07-05 14:19:43,830 Initialized JPA EntityManagerFactory for persistence unit 'default'
2020-07-05 14:19:44,732 Spring Data repositories initialized!
2020-07-05 14:19:44,750 Started BiltysystemApplication in 8.619 seconds (JVM running for 9.544)
2020-07-05 14:19:55,189 Initializing Spring DispatcherServlet 'dispatcherServlet'
2020-07-05 14:19:55,190 Initializing Servlet 'dispatcherServlet'
2020-07-05 14:19:55,214 Completed initialization in 24 ms
2020-07-05 14:19:55,336 Resolved [org.springframework.web.bind.MissingServletRequestParameterException: Required String parameter 'type' is not present]
2020-07-05 16:28:26,663 HikariPool-1 - Thread starvation or clock leap detected (housekeeper delta=2h37s950ms900µs).
2020-07-05 16:56:58,570 Closing JPA EntityManagerFactory for persistence unit 'default'
2020-07-05 16:56:58,613 Shutting down ExecutorService 'applicationTaskExecutor'
2020-07-05 16:56:58,615 HikariPool-1 - Shutdown initiated...
2020-07-05 16:56:58,629 HikariPool-1 - Shutdown completed.
